<?xml version="1.0" encoding="UTF-8"?>
<coverage generated="1586006578943" clover="3.2.0">
  <project timestamp="1586006578944" name="All files">
    <metrics statements="82" coveredstatements="77" conditionals="31" coveredconditionals="27" methods="12" coveredmethods="12" elements="125" coveredelements="116" complexity="0" loc="82" ncloc="82" packages="1" files="1" classes="1"/>
    <file name="linked-list.js" path="C:\Users\Joel\Projects\CodeFellows\data-structures-and-algorithms\data-structures\linkedList\linked-list.js">
      <metrics statements="82" coveredstatements="77" conditionals="31" coveredconditionals="27" methods="12" coveredmethods="12"/>
      <line num="5" count="92" type="stmt"/>
      <line num="6" count="92" type="stmt"/>
      <line num="7" count="92" type="stmt"/>
      <line num="13" count="26" type="stmt"/>
      <line num="17" count="9" type="cond" truecount="2" falsecount="0"/>
      <line num="18" count="2" type="stmt"/>
      <line num="20" count="7" type="stmt"/>
      <line num="21" count="7" type="stmt"/>
      <line num="22" count="7" type="stmt"/>
      <line num="23" count="26" type="stmt"/>
      <line num="24" count="26" type="stmt"/>
      <line num="26" count="7" type="stmt"/>
      <line num="30" count="56" type="cond" truecount="2" falsecount="0"/>
      <line num="31" count="18" type="stmt"/>
      <line num="33" count="38" type="stmt"/>
      <line num="34" count="38" type="stmt"/>
      <line num="39" count="4" type="stmt"/>
      <line num="40" count="4" type="stmt"/>
      <line num="41" count="4" type="stmt"/>
      <line num="42" count="14" type="cond" truecount="2" falsecount="0"/>
      <line num="43" count="2" type="stmt"/>
      <line num="44" count="2" type="stmt"/>
      <line num="46" count="12" type="stmt"/>
      <line num="48" count="4" type="stmt"/>
      <line num="52" count="4" type="cond" truecount="1" falsecount="1"/>
      <line num="53" count="0" type="stmt"/>
      <line num="55" count="4" type="stmt"/>
      <line num="56" count="4" type="stmt"/>
      <line num="57" count="4" type="stmt"/>
      <line num="58" count="11" type="cond" truecount="2" falsecount="0"/>
      <line num="59" count="11" type="stmt"/>
      <line num="60" count="11" type="stmt"/>
      <line num="62" count="4" type="stmt"/>
      <line num="63" count="4" type="stmt"/>
      <line num="67" count="4" type="stmt"/>
      <line num="68" count="4" type="cond" truecount="1" falsecount="1"/>
      <line num="69" count="4" type="stmt"/>
      <line num="70" count="11" type="stmt"/>
      <line num="72" count="4" type="stmt"/>
      <line num="74" count="0" type="stmt"/>
      <line num="79" count="2" type="stmt"/>
      <line num="80" count="2" type="cond" truecount="1" falsecount="1"/>
      <line num="81" count="2" type="cond" truecount="2" falsecount="0"/>
      <line num="82" count="1" type="stmt"/>
      <line num="83" count="1" type="stmt"/>
      <line num="85" count="1" type="stmt"/>
      <line num="86" count="1" type="cond" truecount="1" falsecount="1"/>
      <line num="87" count="1" type="stmt"/>
      <line num="88" count="1" type="stmt"/>
      <line num="89" count="1" type="stmt"/>
      <line num="91" count="0" type="stmt"/>
      <line num="94" count="0" type="stmt"/>
      <line num="98" count="3" type="stmt"/>
      <line num="100" count="3" type="stmt"/>
      <line num="101" count="4" type="cond" truecount="2" falsecount="0"/>
      <line num="102" count="3" type="cond" truecount="2" falsecount="0"/>
      <line num="103" count="1" type="stmt"/>
      <line num="104" count="1" type="stmt"/>
      <line num="106" count="2" type="stmt"/>
      <line num="107" count="2" type="stmt"/>
      <line num="109" count="3" type="stmt"/>
      <line num="111" count="1" type="stmt"/>
      <line num="113" count="0" type="stmt"/>
      <line num="117" count="5" type="stmt"/>
      <line num="118" count="5" type="cond" truecount="5" falsecount="0"/>
      <line num="119" count="3" type="stmt"/>
      <line num="121" count="2" type="stmt"/>
      <line num="122" count="2" type="stmt"/>
      <line num="123" count="2" type="stmt"/>
      <line num="124" count="1" type="stmt"/>
      <line num="126" count="2" type="stmt"/>
      <line num="132" count="7" type="stmt"/>
      <line num="133" count="7" type="stmt"/>
      <line num="137" count="27" type="cond" truecount="2" falsecount="0"/>
      <line num="138" count="6" type="stmt"/>
      <line num="139" count="21" type="cond" truecount="2" falsecount="0"/>
      <line num="140" count="5" type="stmt"/>
      <line num="141" count="5" type="stmt"/>
      <line num="143" count="16" type="stmt"/>
      <line num="144" count="16" type="stmt"/>
      <line num="145" count="16" type="stmt"/>
      <line num="153" count="1" type="stmt"/>
    </file>
  </project>
</coverage>
