{"/mnt/c/Users/Joel/Projects/CodeFellows/data-structures-and-algorithms/coding-challenges/401/arrayBinarySearch/array-binary-search.js": {"path":"/mnt/c/Users/Joel/Projects/CodeFellows/data-structures-and-algorithms/coding-challenges/401/arrayBinarySearch/array-binary-search.js","statementMap":{"0":{"start":{"line":3,"column":21},"end":{"line":18,"column":1}},"1":{"start":{"line":4,"column":14},"end":{"line":4,"column":15}},"2":{"start":{"line":5,"column":14},"end":{"line":5,"column":28}},"3":{"start":{"line":7,"column":4},"end":{"line":16,"column":5}},"4":{"start":{"line":8,"column":8},"end":{"line":8,"column":44}},"5":{"start":{"line":9,"column":8},"end":{"line":15,"column":9}},"6":{"start":{"line":10,"column":12},"end":{"line":10,"column":28}},"7":{"start":{"line":11,"column":15},"end":{"line":15,"column":9}},"8":{"start":{"line":12,"column":12},"end":{"line":12,"column":27}},"9":{"start":{"line":13,"column":15},"end":{"line":15,"column":9}},"10":{"start":{"line":14,"column":12},"end":{"line":14,"column":25}},"11":{"start":{"line":17,"column":4},"end":{"line":17,"column":14}},"12":{"start":{"line":20,"column":0},"end":{"line":20,"column":30}}},"fnMap":{"0":{"name":"(anonymous_0)","decl":{"start":{"line":3,"column":21},"end":{"line":3,"column":22}},"loc":{"start":{"line":3,"column":35},"end":{"line":18,"column":1}},"line":3}},"branchMap":{"0":{"loc":{"start":{"line":9,"column":8},"end":{"line":15,"column":9}},"type":"if","locations":[{"start":{"line":9,"column":8},"end":{"line":15,"column":9}},{"start":{"line":9,"column":8},"end":{"line":15,"column":9}}],"line":9},"1":{"loc":{"start":{"line":11,"column":15},"end":{"line":15,"column":9}},"type":"if","locations":[{"start":{"line":11,"column":15},"end":{"line":15,"column":9}},{"start":{"line":11,"column":15},"end":{"line":15,"column":9}}],"line":11},"2":{"loc":{"start":{"line":13,"column":15},"end":{"line":15,"column":9}},"type":"if","locations":[{"start":{"line":13,"column":15},"end":{"line":15,"column":9}},{"start":{"line":13,"column":15},"end":{"line":15,"column":9}}],"line":13}},"s":{"0":1,"1":8,"2":8,"3":8,"4":43,"5":43,"6":5,"7":38,"8":32,"9":6,"10":6,"11":2,"12":1},"f":{"0":8},"b":{"0":[5,38],"1":[32,6],"2":[6,0]},"_coverageSchema":"43e27e138ebf9cfc5966b082cf9a028302ed4184","hash":"6da2c6be268ef968d12b2af1d0b15a31ac30e154"}
,"/mnt/c/Users/Joel/Projects/CodeFellows/data-structures-and-algorithms/coding-challenges/401/arrayReverse/array-reverse.js": {"path":"/mnt/c/Users/Joel/Projects/CodeFellows/data-structures-and-algorithms/coding-challenges/401/arrayReverse/array-reverse.js","statementMap":{"0":{"start":{"line":1,"column":21},"end":{"line":8,"column":1}},"1":{"start":{"line":2,"column":17},"end":{"line":2,"column":19}},"2":{"start":{"line":3,"column":17},"end":{"line":3,"column":27}},"3":{"start":{"line":4,"column":2},"end":{"line":6,"column":3}},"4":{"start":{"line":4,"column":15},"end":{"line":4,"column":16}},"5":{"start":{"line":5,"column":4},"end":{"line":5,"column":40}},"6":{"start":{"line":7,"column":2},"end":{"line":7,"column":15}},"7":{"start":{"line":10,"column":0},"end":{"line":10,"column":30}}},"fnMap":{"0":{"name":"(anonymous_0)","decl":{"start":{"line":1,"column":21},"end":{"line":1,"column":22}},"loc":{"start":{"line":1,"column":28},"end":{"line":8,"column":1}},"line":1}},"branchMap":{},"s":{"0":1,"1":3,"2":3,"3":3,"4":3,"5":60,"6":3,"7":1},"f":{"0":3},"b":{},"_coverageSchema":"43e27e138ebf9cfc5966b082cf9a028302ed4184","hash":"3908d7862743abfbb87c2e4809ba154f5b75127e"}
,"/mnt/c/Users/Joel/Projects/CodeFellows/data-structures-and-algorithms/coding-challenges/401/arrayShift/array-shift.js": {"path":"/mnt/c/Users/Joel/Projects/CodeFellows/data-structures-and-algorithms/coding-challenges/401/arrayShift/array-shift.js","statementMap":{"0":{"start":{"line":3,"column":25},"end":{"line":16,"column":1}},"1":{"start":{"line":4,"column":17},"end":{"line":4,"column":19}},"2":{"start":{"line":5,"column":15},"end":{"line":5,"column":38}},"3":{"start":{"line":6,"column":4},"end":{"line":14,"column":5}},"4":{"start":{"line":6,"column":15},"end":{"line":6,"column":16}},"5":{"start":{"line":7,"column":8},"end":{"line":13,"column":9}},"6":{"start":{"line":8,"column":12},"end":{"line":8,"column":31}},"7":{"start":{"line":9,"column":15},"end":{"line":13,"column":9}},"8":{"start":{"line":10,"column":12},"end":{"line":10,"column":32}},"9":{"start":{"line":12,"column":12},"end":{"line":12,"column":28}},"10":{"start":{"line":15,"column":4},"end":{"line":15,"column":18}},"11":{"start":{"line":18,"column":25},"end":{"line":29,"column":1}},"12":{"start":{"line":19,"column":17},"end":{"line":19,"column":19}},"13":{"start":{"line":20,"column":15},"end":{"line":20,"column":39}},"14":{"start":{"line":21,"column":4},"end":{"line":27,"column":5}},"15":{"start":{"line":21,"column":15},"end":{"line":21,"column":16}},"16":{"start":{"line":22,"column":8},"end":{"line":26,"column":9}},"17":{"start":{"line":23,"column":12},"end":{"line":23,"column":31}},"18":{"start":{"line":25,"column":12},"end":{"line":25,"column":32}},"19":{"start":{"line":28,"column":4},"end":{"line":28,"column":18}},"20":{"start":{"line":31,"column":0},"end":{"line":31,"column":56}}},"fnMap":{"0":{"name":"(anonymous_0)","decl":{"start":{"line":3,"column":25},"end":{"line":3,"column":26}},"loc":{"start":{"line":3,"column":39},"end":{"line":16,"column":1}},"line":3},"1":{"name":"(anonymous_1)","decl":{"start":{"line":18,"column":25},"end":{"line":18,"column":26}},"loc":{"start":{"line":18,"column":34},"end":{"line":29,"column":1}},"line":18}},"branchMap":{"0":{"loc":{"start":{"line":7,"column":8},"end":{"line":13,"column":9}},"type":"if","locations":[{"start":{"line":7,"column":8},"end":{"line":13,"column":9}},{"start":{"line":7,"column":8},"end":{"line":13,"column":9}}],"line":7},"1":{"loc":{"start":{"line":9,"column":15},"end":{"line":13,"column":9}},"type":"if","locations":[{"start":{"line":9,"column":15},"end":{"line":13,"column":9}},{"start":{"line":9,"column":15},"end":{"line":13,"column":9}}],"line":9},"2":{"loc":{"start":{"line":22,"column":8},"end":{"line":26,"column":9}},"type":"if","locations":[{"start":{"line":22,"column":8},"end":{"line":26,"column":9}},{"start":{"line":22,"column":8},"end":{"line":26,"column":9}}],"line":22}},"s":{"0":1,"1":2,"2":2,"3":2,"4":2,"5":11,"6":5,"7":6,"8":4,"9":2,"10":2,"11":1,"12":2,"13":2,"14":2,"15":2,"16":9,"17":5,"18":4,"19":2,"20":1},"f":{"0":2,"1":2},"b":{"0":[5,6],"1":[4,2],"2":[5,4]},"_coverageSchema":"43e27e138ebf9cfc5966b082cf9a028302ed4184","hash":"b2a72d310fee449e1394420d933328cd4469a88b"}
,"/mnt/c/Users/Joel/Projects/CodeFellows/data-structures-and-algorithms/coding-challenges/401/breadthFirst/breadth-first.js": {"path":"/mnt/c/Users/Joel/Projects/CodeFellows/data-structures-and-algorithms/coding-challenges/401/breadthFirst/breadth-first.js","statementMap":{"0":{"start":{"line":5,"column":4},"end":{"line":5,"column":73}},"1":{"start":{"line":7,"column":21},"end":{"line":25,"column":1}},"2":{"start":{"line":8,"column":2},"end":{"line":23,"column":3}},"3":{"start":{"line":9,"column":4},"end":{"line":13,"column":5}},"4":{"start":{"line":10,"column":6},"end":{"line":10,"column":35}},"5":{"start":{"line":12,"column":6},"end":{"line":12,"column":46}},"6":{"start":{"line":14,"column":4},"end":{"line":16,"column":5}},"7":{"start":{"line":15,"column":6},"end":{"line":15,"column":31}},"8":{"start":{"line":17,"column":4},"end":{"line":19,"column":5}},"9":{"start":{"line":18,"column":6},"end":{"line":18,"column":32}},"10":{"start":{"line":20,"column":4},"end":{"line":22,"column":5}},"11":{"start":{"line":21,"column":6},"end":{"line":21,"column":49}},"12":{"start":{"line":24,"column":2},"end":{"line":24,"column":14}},"13":{"start":{"line":27,"column":0},"end":{"line":27,"column":30}}},"fnMap":{"0":{"name":"(anonymous_0)","decl":{"start":{"line":7,"column":21},"end":{"line":7,"column":22}},"loc":{"start":{"line":7,"column":63},"end":{"line":25,"column":1}},"line":7}},"branchMap":{"0":{"loc":{"start":{"line":7,"column":28},"end":{"line":7,"column":47}},"type":"default-arg","locations":[{"start":{"line":7,"column":36},"end":{"line":7,"column":47}}],"line":7},"1":{"loc":{"start":{"line":7,"column":49},"end":{"line":7,"column":58}},"type":"default-arg","locations":[{"start":{"line":7,"column":56},"end":{"line":7,"column":58}}],"line":7},"2":{"loc":{"start":{"line":8,"column":2},"end":{"line":23,"column":3}},"type":"if","locations":[{"start":{"line":8,"column":2},"end":{"line":23,"column":3}},{"start":{"line":8,"column":2},"end":{"line":23,"column":3}}],"line":8},"3":{"loc":{"start":{"line":9,"column":4},"end":{"line":13,"column":5}},"type":"if","locations":[{"start":{"line":9,"column":4},"end":{"line":13,"column":5}},{"start":{"line":9,"column":4},"end":{"line":13,"column":5}}],"line":9},"4":{"loc":{"start":{"line":14,"column":4},"end":{"line":16,"column":5}},"type":"if","locations":[{"start":{"line":14,"column":4},"end":{"line":16,"column":5}},{"start":{"line":14,"column":4},"end":{"line":16,"column":5}}],"line":14},"5":{"loc":{"start":{"line":17,"column":4},"end":{"line":19,"column":5}},"type":"if","locations":[{"start":{"line":17,"column":4},"end":{"line":19,"column":5}},{"start":{"line":17,"column":4},"end":{"line":19,"column":5}}],"line":17},"6":{"loc":{"start":{"line":20,"column":4},"end":{"line":22,"column":5}},"type":"if","locations":[{"start":{"line":20,"column":4},"end":{"line":22,"column":5}},{"start":{"line":20,"column":4},"end":{"line":22,"column":5}}],"line":20}},"s":{"0":1,"1":1,"2":9,"3":8,"4":2,"5":6,"6":8,"7":3,"8":8,"9":3,"10":8,"11":6,"12":9,"13":1},"f":{"0":9},"b":{"0":[3],"1":[3],"2":[8,1],"3":[2,6],"4":[3,5],"5":[3,5],"6":[6,2]},"_coverageSchema":"43e27e138ebf9cfc5966b082cf9a028302ed4184","hash":"d0b3a1c1fba18b963223616b6c380f0e219a20d4"}
,"/mnt/c/Users/Joel/Projects/CodeFellows/data-structures-and-algorithms/coding-challenges/401/fifoAnimalShelter/fifo-animal-shelter.js": {"path":"/mnt/c/Users/Joel/Projects/CodeFellows/data-structures-and-algorithms/coding-challenges/401/fifoAnimalShelter/fifo-animal-shelter.js","statementMap":{"0":{"start":{"line":5,"column":4},"end":{"line":5,"column":19}},"1":{"start":{"line":6,"column":4},"end":{"line":6,"column":29}},"2":{"start":{"line":12,"column":4},"end":{"line":12,"column":21}},"3":{"start":{"line":13,"column":4},"end":{"line":13,"column":21}},"4":{"start":{"line":19,"column":4},"end":{"line":19,"column":22}},"5":{"start":{"line":20,"column":4},"end":{"line":20,"column":21}},"6":{"start":{"line":24,"column":4},"end":{"line":35,"column":5}},"7":{"start":{"line":25,"column":19},"end":{"line":25,"column":35}},"8":{"start":{"line":26,"column":6},"end":{"line":32,"column":7}},"9":{"start":{"line":27,"column":8},"end":{"line":27,"column":26}},"10":{"start":{"line":28,"column":8},"end":{"line":28,"column":25}},"11":{"start":{"line":30,"column":8},"end":{"line":30,"column":30}},"12":{"start":{"line":31,"column":8},"end":{"line":31,"column":25}},"13":{"start":{"line":34,"column":6},"end":{"line":34,"column":52}},"14":{"start":{"line":39,"column":15},"end":{"line":39,"column":25}},"15":{"start":{"line":40,"column":4},"end":{"line":58,"column":5}},"16":{"start":{"line":41,"column":6},"end":{"line":57,"column":7}},"17":{"start":{"line":42,"column":8},"end":{"line":42,"column":37}},"18":{"start":{"line":43,"column":8},"end":{"line":43,"column":24}},"19":{"start":{"line":45,"column":22},"end":{"line":45,"column":32}},"20":{"start":{"line":46,"column":8},"end":{"line":54,"column":9}},"21":{"start":{"line":47,"column":10},"end":{"line":52,"column":11}},"22":{"start":{"line":48,"column":12},"end":{"line":48,"column":32}},"23":{"start":{"line":49,"column":12},"end":{"line":49,"column":45}},"24":{"start":{"line":50,"column":12},"end":{"line":50,"column":56}},"25":{"start":{"line":50,"column":36},"end":{"line":50,"column":56}},"26":{"start":{"line":51,"column":12},"end":{"line":51,"column":28}},"27":{"start":{"line":53,"column":10},"end":{"line":53,"column":33}},"28":{"start":{"line":55,"column":8},"end":{"line":55,"column":63}},"29":{"start":{"line":56,"column":8},"end":{"line":56,"column":20}},"30":{"start":{"line":59,"column":4},"end":{"line":59,"column":33}},"31":{"start":{"line":60,"column":4},"end":{"line":60,"column":20}},"32":{"start":{"line":64,"column":0},"end":{"line":64,"column":43}}},"fnMap":{"0":{"name":"(anonymous_0)","decl":{"start":{"line":4,"column":2},"end":{"line":4,"column":3}},"loc":{"start":{"line":4,"column":25},"end":{"line":7,"column":3}},"line":4},"1":{"name":"(anonymous_1)","decl":{"start":{"line":11,"column":2},"end":{"line":11,"column":3}},"loc":{"start":{"line":11,"column":26},"end":{"line":14,"column":3}},"line":11},"2":{"name":"(anonymous_2)","decl":{"start":{"line":18,"column":2},"end":{"line":18,"column":3}},"loc":{"start":{"line":18,"column":16},"end":{"line":21,"column":3}},"line":18},"3":{"name":"(anonymous_3)","decl":{"start":{"line":23,"column":2},"end":{"line":23,"column":3}},"loc":{"start":{"line":23,"column":18},"end":{"line":36,"column":3}},"line":23},"4":{"name":"(anonymous_4)","decl":{"start":{"line":38,"column":2},"end":{"line":38,"column":3}},"loc":{"start":{"line":38,"column":16},"end":{"line":61,"column":3}},"line":38}},"branchMap":{"0":{"loc":{"start":{"line":6,"column":16},"end":{"line":6,"column":28}},"type":"binary-expr","locations":[{"start":{"line":6,"column":16},"end":{"line":6,"column":20}},{"start":{"line":6,"column":24},"end":{"line":6,"column":28}}],"line":6},"1":{"loc":{"start":{"line":24,"column":4},"end":{"line":35,"column":5}},"type":"if","locations":[{"start":{"line":24,"column":4},"end":{"line":35,"column":5}},{"start":{"line":24,"column":4},"end":{"line":35,"column":5}}],"line":24},"2":{"loc":{"start":{"line":24,"column":8},"end":{"line":24,"column":54}},"type":"binary-expr","locations":[{"start":{"line":24,"column":8},"end":{"line":24,"column":29}},{"start":{"line":24,"column":33},"end":{"line":24,"column":54}}],"line":24},"3":{"loc":{"start":{"line":26,"column":6},"end":{"line":32,"column":7}},"type":"if","locations":[{"start":{"line":26,"column":6},"end":{"line":32,"column":7}},{"start":{"line":26,"column":6},"end":{"line":32,"column":7}}],"line":26},"4":{"loc":{"start":{"line":40,"column":4},"end":{"line":58,"column":5}},"type":"if","locations":[{"start":{"line":40,"column":4},"end":{"line":58,"column":5}},{"start":{"line":40,"column":4},"end":{"line":58,"column":5}}],"line":40},"5":{"loc":{"start":{"line":40,"column":8},"end":{"line":40,"column":40}},"type":"binary-expr","locations":[{"start":{"line":40,"column":8},"end":{"line":40,"column":22}},{"start":{"line":40,"column":26},"end":{"line":40,"column":40}}],"line":40},"6":{"loc":{"start":{"line":41,"column":6},"end":{"line":57,"column":7}},"type":"if","locations":[{"start":{"line":41,"column":6},"end":{"line":57,"column":7}},{"start":{"line":41,"column":6},"end":{"line":57,"column":7}}],"line":41},"7":{"loc":{"start":{"line":47,"column":10},"end":{"line":52,"column":11}},"type":"if","locations":[{"start":{"line":47,"column":10},"end":{"line":52,"column":11}},{"start":{"line":47,"column":10},"end":{"line":52,"column":11}}],"line":47},"8":{"loc":{"start":{"line":50,"column":12},"end":{"line":50,"column":56}},"type":"if","locations":[{"start":{"line":50,"column":12},"end":{"line":50,"column":56}},{"start":{"line":50,"column":12},"end":{"line":50,"column":56}}],"line":50}},"s":{"0":16,"1":16,"2":17,"3":17,"4":5,"5":5,"6":17,"7":16,"8":16,"9":4,"10":4,"11":12,"12":12,"13":1,"14":3,"15":3,"16":2,"17":0,"18":0,"19":2,"20":2,"21":7,"22":1,"23":1,"24":1,"25":1,"26":1,"27":6,"28":1,"29":1,"30":1,"31":1,"32":1},"f":{"0":16,"1":17,"2":5,"3":17,"4":3},"b":{"0":[16,16],"1":[16,1],"2":[17,4],"3":[4,12],"4":[2,1],"5":[3,3],"6":[0,2],"7":[1,6],"8":[1,0]},"_coverageSchema":"43e27e138ebf9cfc5966b082cf9a028302ed4184","hash":"a251c817d6e2f7a00816832bde3b4414fae0bf9d"}
,"/mnt/c/Users/Joel/Projects/CodeFellows/data-structures-and-algorithms/coding-challenges/401/findMaxBinaryTree/find-max-value.js": {"path":"/mnt/c/Users/Joel/Projects/CodeFellows/data-structures-and-algorithms/coding-challenges/401/findMaxBinaryTree/find-max-value.js","statementMap":{"0":{"start":{"line":6,"column":4},"end":{"line":6,"column":61}},"1":{"start":{"line":10,"column":4},"end":{"line":10,"column":27}},"2":{"start":{"line":10,"column":15},"end":{"line":10,"column":27}},"3":{"start":{"line":11,"column":4},"end":{"line":11,"column":29}},"4":{"start":{"line":11,"column":14},"end":{"line":11,"column":29}},"5":{"start":{"line":12,"column":4},"end":{"line":14,"column":5}},"6":{"start":{"line":13,"column":6},"end":{"line":13,"column":21}},"7":{"start":{"line":15,"column":4},"end":{"line":17,"column":5}},"8":{"start":{"line":16,"column":6},"end":{"line":16,"column":46}},"9":{"start":{"line":18,"column":4},"end":{"line":20,"column":5}},"10":{"start":{"line":19,"column":6},"end":{"line":19,"column":47}},"11":{"start":{"line":21,"column":4},"end":{"line":21,"column":15}},"12":{"start":{"line":25,"column":0},"end":{"line":25,"column":31}}},"fnMap":{"0":{"name":"(anonymous_0)","decl":{"start":{"line":9,"column":2},"end":{"line":9,"column":3}},"loc":{"start":{"line":9,"column":38},"end":{"line":22,"column":3}},"line":9}},"branchMap":{"0":{"loc":{"start":{"line":9,"column":15},"end":{"line":9,"column":31}},"type":"default-arg","locations":[{"start":{"line":9,"column":22},"end":{"line":9,"column":31}}],"line":9},"1":{"loc":{"start":{"line":10,"column":4},"end":{"line":10,"column":27}},"type":"if","locations":[{"start":{"line":10,"column":4},"end":{"line":10,"column":27}},{"start":{"line":10,"column":4},"end":{"line":10,"column":27}}],"line":10},"2":{"loc":{"start":{"line":11,"column":4},"end":{"line":11,"column":29}},"type":"if","locations":[{"start":{"line":11,"column":4},"end":{"line":11,"column":29}},{"start":{"line":11,"column":4},"end":{"line":11,"column":29}}],"line":11},"3":{"loc":{"start":{"line":12,"column":4},"end":{"line":14,"column":5}},"type":"if","locations":[{"start":{"line":12,"column":4},"end":{"line":14,"column":5}},{"start":{"line":12,"column":4},"end":{"line":14,"column":5}}],"line":12},"4":{"loc":{"start":{"line":15,"column":4},"end":{"line":17,"column":5}},"type":"if","locations":[{"start":{"line":15,"column":4},"end":{"line":17,"column":5}},{"start":{"line":15,"column":4},"end":{"line":17,"column":5}}],"line":15},"5":{"loc":{"start":{"line":18,"column":4},"end":{"line":20,"column":5}},"type":"if","locations":[{"start":{"line":18,"column":4},"end":{"line":20,"column":5}},{"start":{"line":18,"column":4},"end":{"line":20,"column":5}}],"line":18}},"s":{"0":1,"1":23,"2":1,"3":22,"4":4,"5":22,"6":11,"7":22,"8":9,"9":22,"10":9,"11":22,"12":1},"f":{"0":23},"b":{"0":[5],"1":[1,22],"2":[4,18],"3":[11,11],"4":[9,13],"5":[9,13]},"_coverageSchema":"43e27e138ebf9cfc5966b082cf9a028302ed4184","hash":"4d0bf60930d9e7d1232d717ce6e74388f0c1a2ac"}
,"/mnt/c/Users/Joel/Projects/CodeFellows/data-structures-and-algorithms/coding-challenges/401/fizzBuzzTree/fizz-buzz-tree.js": {"path":"/mnt/c/Users/Joel/Projects/CodeFellows/data-structures-and-algorithms/coding-challenges/401/fizzBuzzTree/fizz-buzz-tree.js","statementMap":{"0":{"start":{"line":5,"column":4},"end":{"line":5,"column":21}},"1":{"start":{"line":6,"column":4},"end":{"line":6,"column":21}},"2":{"start":{"line":7,"column":4},"end":{"line":7,"column":22}},"3":{"start":{"line":13,"column":4},"end":{"line":13,"column":21}},"4":{"start":{"line":18,"column":4},"end":{"line":18,"column":27}},"5":{"start":{"line":18,"column":15},"end":{"line":18,"column":27}},"6":{"start":{"line":19,"column":16},"end":{"line":19,"column":18}},"7":{"start":{"line":20,"column":4},"end":{"line":20,"column":25}},"8":{"start":{"line":21,"column":4},"end":{"line":23,"column":5}},"9":{"start":{"line":22,"column":6},"end":{"line":22,"column":53}},"10":{"start":{"line":24,"column":4},"end":{"line":26,"column":5}},"11":{"start":{"line":25,"column":6},"end":{"line":25,"column":54}},"12":{"start":{"line":27,"column":4},"end":{"line":27,"column":17}},"13":{"start":{"line":32,"column":20},"end":{"line":41,"column":1}},"14":{"start":{"line":33,"column":2},"end":{"line":39,"column":3}},"15":{"start":{"line":34,"column":4},"end":{"line":34,"column":28}},"16":{"start":{"line":36,"column":4},"end":{"line":36,"column":55}},"17":{"start":{"line":38,"column":4},"end":{"line":38,"column":57}},"18":{"start":{"line":40,"column":2},"end":{"line":40,"column":14}},"19":{"start":{"line":43,"column":21},"end":{"line":46,"column":1}},"20":{"start":{"line":44,"column":18},"end":{"line":44,"column":51}},"21":{"start":{"line":45,"column":2},"end":{"line":45,"column":17}},"22":{"start":{"line":48,"column":21},"end":{"line":67,"column":1}},"23":{"start":{"line":49,"column":2},"end":{"line":49,"column":25}},"24":{"start":{"line":49,"column":13},"end":{"line":49,"column":25}},"25":{"start":{"line":51,"column":2},"end":{"line":59,"column":3}},"26":{"start":{"line":52,"column":4},"end":{"line":52,"column":35}},"27":{"start":{"line":53,"column":9},"end":{"line":59,"column":3}},"28":{"start":{"line":54,"column":4},"end":{"line":54,"column":31}},"29":{"start":{"line":55,"column":9},"end":{"line":59,"column":3}},"30":{"start":{"line":56,"column":4},"end":{"line":56,"column":31}},"31":{"start":{"line":58,"column":4},"end":{"line":58,"column":38}},"32":{"start":{"line":60,"column":2},"end":{"line":62,"column":3}},"33":{"start":{"line":61,"column":4},"end":{"line":61,"column":43}},"34":{"start":{"line":63,"column":2},"end":{"line":65,"column":3}},"35":{"start":{"line":64,"column":4},"end":{"line":64,"column":45}},"36":{"start":{"line":66,"column":2},"end":{"line":66,"column":17}},"37":{"start":{"line":69,"column":0},"end":{"line":69,"column":53}}},"fnMap":{"0":{"name":"(anonymous_0)","decl":{"start":{"line":4,"column":2},"end":{"line":4,"column":3}},"loc":{"start":{"line":4,"column":21},"end":{"line":8,"column":3}},"line":4},"1":{"name":"(anonymous_1)","decl":{"start":{"line":12,"column":2},"end":{"line":12,"column":3}},"loc":{"start":{"line":12,"column":27},"end":{"line":14,"column":3}},"line":12},"2":{"name":"(anonymous_2)","decl":{"start":{"line":17,"column":2},"end":{"line":17,"column":3}},"loc":{"start":{"line":17,"column":29},"end":{"line":28,"column":3}},"line":17},"3":{"name":"(anonymous_3)","decl":{"start":{"line":32,"column":20},"end":{"line":32,"column":21}},"loc":{"start":{"line":32,"column":49},"end":{"line":41,"column":1}},"line":32},"4":{"name":"(anonymous_4)","decl":{"start":{"line":43,"column":21},"end":{"line":43,"column":22}},"loc":{"start":{"line":43,"column":31},"end":{"line":46,"column":1}},"line":43},"5":{"name":"(anonymous_5)","decl":{"start":{"line":48,"column":21},"end":{"line":48,"column":22}},"loc":{"start":{"line":48,"column":31},"end":{"line":67,"column":1}},"line":48}},"branchMap":{"0":{"loc":{"start":{"line":12,"column":14},"end":{"line":12,"column":25}},"type":"default-arg","locations":[{"start":{"line":12,"column":21},"end":{"line":12,"column":25}}],"line":12},"1":{"loc":{"start":{"line":17,"column":11},"end":{"line":17,"column":27}},"type":"default-arg","locations":[{"start":{"line":17,"column":18},"end":{"line":17,"column":27}}],"line":17},"2":{"loc":{"start":{"line":18,"column":4},"end":{"line":18,"column":27}},"type":"if","locations":[{"start":{"line":18,"column":4},"end":{"line":18,"column":27}},{"start":{"line":18,"column":4},"end":{"line":18,"column":27}}],"line":18},"3":{"loc":{"start":{"line":21,"column":4},"end":{"line":23,"column":5}},"type":"if","locations":[{"start":{"line":21,"column":4},"end":{"line":23,"column":5}},{"start":{"line":21,"column":4},"end":{"line":23,"column":5}}],"line":21},"4":{"loc":{"start":{"line":24,"column":4},"end":{"line":26,"column":5}},"type":"if","locations":[{"start":{"line":24,"column":4},"end":{"line":26,"column":5}},{"start":{"line":24,"column":4},"end":{"line":26,"column":5}}],"line":24},"5":{"loc":{"start":{"line":32,"column":26},"end":{"line":32,"column":37}},"type":"default-arg","locations":[{"start":{"line":32,"column":33},"end":{"line":32,"column":37}}],"line":32},"6":{"loc":{"start":{"line":32,"column":39},"end":{"line":32,"column":44}},"type":"default-arg","locations":[{"start":{"line":32,"column":43},"end":{"line":32,"column":44}}],"line":32},"7":{"loc":{"start":{"line":33,"column":2},"end":{"line":39,"column":3}},"type":"if","locations":[{"start":{"line":33,"column":2},"end":{"line":39,"column":3}},{"start":{"line":33,"column":2},"end":{"line":39,"column":3}}],"line":33},"8":{"loc":{"start":{"line":49,"column":2},"end":{"line":49,"column":25}},"type":"if","locations":[{"start":{"line":49,"column":2},"end":{"line":49,"column":25}},{"start":{"line":49,"column":2},"end":{"line":49,"column":25}}],"line":49},"9":{"loc":{"start":{"line":51,"column":2},"end":{"line":59,"column":3}},"type":"if","locations":[{"start":{"line":51,"column":2},"end":{"line":59,"column":3}},{"start":{"line":51,"column":2},"end":{"line":59,"column":3}}],"line":51},"10":{"loc":{"start":{"line":51,"column":6},"end":{"line":51,"column":46}},"type":"binary-expr","locations":[{"start":{"line":51,"column":6},"end":{"line":51,"column":24}},{"start":{"line":51,"column":28},"end":{"line":51,"column":46}}],"line":51},"11":{"loc":{"start":{"line":53,"column":9},"end":{"line":59,"column":3}},"type":"if","locations":[{"start":{"line":53,"column":9},"end":{"line":59,"column":3}},{"start":{"line":53,"column":9},"end":{"line":59,"column":3}}],"line":53},"12":{"loc":{"start":{"line":55,"column":9},"end":{"line":59,"column":3}},"type":"if","locations":[{"start":{"line":55,"column":9},"end":{"line":59,"column":3}},{"start":{"line":55,"column":9},"end":{"line":59,"column":3}}],"line":55},"13":{"loc":{"start":{"line":60,"column":2},"end":{"line":62,"column":3}},"type":"if","locations":[{"start":{"line":60,"column":2},"end":{"line":62,"column":3}},{"start":{"line":60,"column":2},"end":{"line":62,"column":3}}],"line":60},"14":{"loc":{"start":{"line":63,"column":2},"end":{"line":65,"column":3}},"type":"if","locations":[{"start":{"line":63,"column":2},"end":{"line":65,"column":3}},{"start":{"line":63,"column":2},"end":{"line":65,"column":3}}],"line":63}},"s":{"0":36,"1":36,"2":36,"3":8,"4":18,"5":0,"6":18,"7":18,"8":18,"9":8,"10":18,"11":7,"12":18,"13":1,"14":39,"15":18,"16":18,"17":18,"18":39,"19":1,"20":4,"21":4,"22":1,"23":19,"24":1,"25":18,"26":2,"27":16,"28":4,"29":12,"30":4,"31":8,"32":18,"33":8,"34":18,"35":7,"36":18,"37":1},"f":{"0":36,"1":8,"2":18,"3":39,"4":4,"5":19},"b":{"0":[1],"1":[3],"2":[0,18],"3":[8,10],"4":[7,11],"5":[3],"6":[3],"7":[18,21],"8":[1,18],"9":[2,16],"10":[18,6],"11":[4,12],"12":[4,8],"13":[8,10],"14":[7,11]},"_coverageSchema":"43e27e138ebf9cfc5966b082cf9a028302ed4184","hash":"f40df59c50b23cf7de11774e8a42fe32e56f266a"}
,"/mnt/c/Users/Joel/Projects/CodeFellows/data-structures-and-algorithms/coding-challenges/401/insertionSort/insertionSort.js": {"path":"/mnt/c/Users/Joel/Projects/CodeFellows/data-structures-and-algorithms/coding-challenges/401/insertionSort/insertionSort.js","statementMap":{"0":{"start":{"line":3,"column":22},"end":{"line":15,"column":1}},"1":{"start":{"line":4,"column":2},"end":{"line":13,"column":3}},"2":{"start":{"line":4,"column":15},"end":{"line":4,"column":16}},"3":{"start":{"line":5,"column":15},"end":{"line":5,"column":21}},"4":{"start":{"line":6,"column":12},"end":{"line":6,"column":17}},"5":{"start":{"line":8,"column":4},"end":{"line":11,"column":5}},"6":{"start":{"line":9,"column":6},"end":{"line":9,"column":26}},"7":{"start":{"line":10,"column":6},"end":{"line":10,"column":10}},"8":{"start":{"line":12,"column":4},"end":{"line":12,"column":22}},"9":{"start":{"line":14,"column":2},"end":{"line":14,"column":13}},"10":{"start":{"line":17,"column":0},"end":{"line":17,"column":31}}},"fnMap":{"0":{"name":"(anonymous_0)","decl":{"start":{"line":3,"column":22},"end":{"line":3,"column":23}},"loc":{"start":{"line":3,"column":31},"end":{"line":15,"column":1}},"line":3}},"branchMap":{"0":{"loc":{"start":{"line":8,"column":11},"end":{"line":8,"column":34}},"type":"binary-expr","locations":[{"start":{"line":8,"column":11},"end":{"line":8,"column":17}},{"start":{"line":8,"column":21},"end":{"line":8,"column":34}}],"line":8}},"s":{"0":1,"1":3,"2":3,"3":15,"4":15,"5":15,"6":22,"7":22,"8":15,"9":3,"10":1},"f":{"0":3},"b":{"0":[37,32]},"_coverageSchema":"43e27e138ebf9cfc5966b082cf9a028302ed4184","hash":"fc295fe117a96c3221f456ebc58371fab935aeed"}
,"/mnt/c/Users/Joel/Projects/CodeFellows/data-structures-and-algorithms/coding-challenges/401/leftJoin/left-join.js": {"path":"/mnt/c/Users/Joel/Projects/CodeFellows/data-structures-and-algorithms/coding-challenges/401/leftJoin/left-join.js","statementMap":{"0":{"start":{"line":1,"column":17},"end":{"line":18,"column":1}},"1":{"start":{"line":2,"column":17},"end":{"line":2,"column":19}},"2":{"start":{"line":3,"column":2},"end":{"line":16,"column":5}},"3":{"start":{"line":4,"column":4},"end":{"line":15,"column":5}},"4":{"start":{"line":5,"column":20},"end":{"line":5,"column":29}},"5":{"start":{"line":6,"column":6},"end":{"line":14,"column":7}},"6":{"start":{"line":7,"column":26},"end":{"line":7,"column":57}},"7":{"start":{"line":8,"column":8},"end":{"line":12,"column":9}},"8":{"start":{"line":9,"column":10},"end":{"line":9,"column":77}},"9":{"start":{"line":11,"column":10},"end":{"line":11,"column":71}},"10":{"start":{"line":13,"column":8},"end":{"line":13,"column":31}},"11":{"start":{"line":17,"column":2},"end":{"line":17,"column":16}},"12":{"start":{"line":20,"column":0},"end":{"line":20,"column":26}}},"fnMap":{"0":{"name":"(anonymous_0)","decl":{"start":{"line":1,"column":17},"end":{"line":1,"column":18}},"loc":{"start":{"line":1,"column":44},"end":{"line":18,"column":1}},"line":1},"1":{"name":"(anonymous_1)","decl":{"start":{"line":3,"column":25},"end":{"line":3,"column":26}},"loc":{"start":{"line":3,"column":35},"end":{"line":16,"column":3}},"line":3}},"branchMap":{"0":{"loc":{"start":{"line":4,"column":4},"end":{"line":15,"column":5}},"type":"if","locations":[{"start":{"line":4,"column":4},"end":{"line":15,"column":5}},{"start":{"line":4,"column":4},"end":{"line":15,"column":5}}],"line":4},"1":{"loc":{"start":{"line":8,"column":8},"end":{"line":12,"column":9}},"type":"if","locations":[{"start":{"line":8,"column":8},"end":{"line":12,"column":9}},{"start":{"line":8,"column":8},"end":{"line":12,"column":9}}],"line":8}},"s":{"0":1,"1":3,"2":3,"3":3,"4":3,"5":3,"6":23,"7":23,"8":10,"9":13,"10":23,"11":3,"12":1},"f":{"0":3,"1":3},"b":{"0":[3,0],"1":[10,13]},"_coverageSchema":"43e27e138ebf9cfc5966b082cf9a028302ed4184","hash":"2456726f9975bee8a64e64c2c614ca4f089f2604"}
,"/mnt/c/Users/Joel/Projects/CodeFellows/data-structures-and-algorithms/coding-challenges/401/llMerge/ll-merge.js": {"path":"/mnt/c/Users/Joel/Projects/CodeFellows/data-structures-and-algorithms/coding-challenges/401/llMerge/ll-merge.js","statementMap":{"0":{"start":{"line":5,"column":4},"end":{"line":5,"column":62}},"1":{"start":{"line":7,"column":19},"end":{"line":35,"column":1}},"2":{"start":{"line":9,"column":13},"end":{"line":9,"column":23}},"3":{"start":{"line":10,"column":13},"end":{"line":10,"column":23}},"4":{"start":{"line":11,"column":15},"end":{"line":11,"column":27}},"5":{"start":{"line":12,"column":12},"end":{"line":12,"column":18}},"6":{"start":{"line":14,"column":2},"end":{"line":29,"column":3}},"7":{"start":{"line":16,"column":15},"end":{"line":16,"column":24}},"8":{"start":{"line":17,"column":15},"end":{"line":17,"column":24}},"9":{"start":{"line":20,"column":4},"end":{"line":20,"column":21}},"10":{"start":{"line":23,"column":4},"end":{"line":23,"column":21}},"11":{"start":{"line":26,"column":4},"end":{"line":26,"column":15}},"12":{"start":{"line":27,"column":4},"end":{"line":27,"column":16}},"13":{"start":{"line":28,"column":4},"end":{"line":28,"column":16}},"14":{"start":{"line":30,"column":2},"end":{"line":32,"column":3}},"15":{"start":{"line":31,"column":4},"end":{"line":31,"column":20}},"16":{"start":{"line":34,"column":2},"end":{"line":34,"column":16}},"17":{"start":{"line":37,"column":25},"end":{"line":78,"column":1}},"18":{"start":{"line":39,"column":13},"end":{"line":39,"column":23}},"19":{"start":{"line":40,"column":13},"end":{"line":40,"column":23}},"20":{"start":{"line":42,"column":2},"end":{"line":48,"column":3}},"21":{"start":{"line":43,"column":4},"end":{"line":43,"column":18}},"22":{"start":{"line":44,"column":4},"end":{"line":44,"column":21}},"23":{"start":{"line":46,"column":4},"end":{"line":46,"column":18}},"24":{"start":{"line":47,"column":4},"end":{"line":47,"column":21}},"25":{"start":{"line":49,"column":12},"end":{"line":49,"column":18}},"26":{"start":{"line":51,"column":2},"end":{"line":70,"column":3}},"27":{"start":{"line":53,"column":15},"end":{"line":53,"column":24}},"28":{"start":{"line":54,"column":15},"end":{"line":54,"column":24}},"29":{"start":{"line":55,"column":4},"end":{"line":69,"column":5}},"30":{"start":{"line":57,"column":6},"end":{"line":57,"column":22}},"31":{"start":{"line":60,"column":6},"end":{"line":60,"column":21}},"32":{"start":{"line":61,"column":6},"end":{"line":61,"column":18}},"33":{"start":{"line":64,"column":6},"end":{"line":64,"column":22}},"34":{"start":{"line":67,"column":6},"end":{"line":67,"column":21}},"35":{"start":{"line":68,"column":6},"end":{"line":68,"column":18}},"36":{"start":{"line":71,"column":2},"end":{"line":75,"column":3}},"37":{"start":{"line":72,"column":4},"end":{"line":72,"column":20}},"38":{"start":{"line":73,"column":9},"end":{"line":75,"column":3}},"39":{"start":{"line":74,"column":4},"end":{"line":74,"column":20}},"40":{"start":{"line":77,"column":2},"end":{"line":77,"column":16}},"41":{"start":{"line":80,"column":0},"end":{"line":80,"column":50}}},"fnMap":{"0":{"name":"(anonymous_0)","decl":{"start":{"line":7,"column":19},"end":{"line":7,"column":20}},"loc":{"start":{"line":7,"column":37},"end":{"line":35,"column":1}},"line":7},"1":{"name":"(anonymous_1)","decl":{"start":{"line":37,"column":25},"end":{"line":37,"column":26}},"loc":{"start":{"line":37,"column":43},"end":{"line":78,"column":1}},"line":37}},"branchMap":{"0":{"loc":{"start":{"line":11,"column":15},"end":{"line":11,"column":27}},"type":"binary-expr","locations":[{"start":{"line":11,"column":15},"end":{"line":11,"column":19}},{"start":{"line":11,"column":23},"end":{"line":11,"column":27}}],"line":11},"1":{"loc":{"start":{"line":14,"column":9},"end":{"line":14,"column":21}},"type":"binary-expr","locations":[{"start":{"line":14,"column":9},"end":{"line":14,"column":13}},{"start":{"line":14,"column":17},"end":{"line":14,"column":21}}],"line":14},"2":{"loc":{"start":{"line":30,"column":2},"end":{"line":32,"column":3}},"type":"if","locations":[{"start":{"line":30,"column":2},"end":{"line":32,"column":3}},{"start":{"line":30,"column":2},"end":{"line":32,"column":3}}],"line":30},"3":{"loc":{"start":{"line":42,"column":2},"end":{"line":48,"column":3}},"type":"if","locations":[{"start":{"line":42,"column":2},"end":{"line":48,"column":3}},{"start":{"line":42,"column":2},"end":{"line":48,"column":3}}],"line":42},"4":{"loc":{"start":{"line":51,"column":9},"end":{"line":51,"column":21}},"type":"binary-expr","locations":[{"start":{"line":51,"column":9},"end":{"line":51,"column":13}},{"start":{"line":51,"column":17},"end":{"line":51,"column":21}}],"line":51},"5":{"loc":{"start":{"line":55,"column":4},"end":{"line":69,"column":5}},"type":"if","locations":[{"start":{"line":55,"column":4},"end":{"line":69,"column":5}},{"start":{"line":55,"column":4},"end":{"line":69,"column":5}}],"line":55},"6":{"loc":{"start":{"line":71,"column":2},"end":{"line":75,"column":3}},"type":"if","locations":[{"start":{"line":71,"column":2},"end":{"line":75,"column":3}},{"start":{"line":71,"column":2},"end":{"line":75,"column":3}}],"line":71},"7":{"loc":{"start":{"line":73,"column":9},"end":{"line":75,"column":3}},"type":"if","locations":[{"start":{"line":73,"column":9},"end":{"line":75,"column":3}},{"start":{"line":73,"column":9},"end":{"line":75,"column":3}}],"line":73}},"s":{"0":1,"1":1,"2":3,"3":3,"4":3,"5":3,"6":3,"7":9,"8":9,"9":9,"10":9,"11":9,"12":9,"13":9,"14":3,"15":1,"16":3,"17":1,"18":3,"19":3,"20":3,"21":2,"22":2,"23":1,"24":1,"25":3,"26":3,"27":16,"28":16,"29":16,"30":6,"31":6,"32":6,"33":10,"34":10,"35":10,"36":3,"37":3,"38":0,"39":0,"40":3,"41":1},"f":{"0":3,"1":3},"b":{"0":[3,0],"1":[12,10],"2":[1,2],"3":[2,1],"4":[19,16],"5":[6,10],"6":[3,0],"7":[0,0]},"_coverageSchema":"43e27e138ebf9cfc5966b082cf9a028302ed4184","hash":"ed1804afa85fdc5e8e677d5030384946fd681c9b"}
,"/mnt/c/Users/Joel/Projects/CodeFellows/data-structures-and-algorithms/coding-challenges/401/mergeSort/mergeSort.js": {"path":"/mnt/c/Users/Joel/Projects/CodeFellows/data-structures-and-algorithms/coding-challenges/401/mergeSort/mergeSort.js","statementMap":{"0":{"start":{"line":3,"column":18},"end":{"line":16,"column":1}},"1":{"start":{"line":4,"column":12},"end":{"line":4,"column":22}},"2":{"start":{"line":6,"column":2},"end":{"line":15,"column":3}},"3":{"start":{"line":7,"column":4},"end":{"line":7,"column":27}},"4":{"start":{"line":8,"column":4},"end":{"line":8,"column":29}},"5":{"start":{"line":9,"column":4},"end":{"line":9,"column":30}},"6":{"start":{"line":11,"column":4},"end":{"line":11,"column":68}},"7":{"start":{"line":12,"column":4},"end":{"line":12,"column":20}},"8":{"start":{"line":13,"column":4},"end":{"line":13,"column":21}},"9":{"start":{"line":14,"column":4},"end":{"line":14,"column":35}},"10":{"start":{"line":18,"column":14},"end":{"line":46,"column":1}},"11":{"start":{"line":19,"column":10},"end":{"line":19,"column":11}},"12":{"start":{"line":20,"column":10},"end":{"line":20,"column":11}},"13":{"start":{"line":21,"column":10},"end":{"line":21,"column":11}},"14":{"start":{"line":23,"column":2},"end":{"line":32,"column":3}},"15":{"start":{"line":24,"column":4},"end":{"line":30,"column":5}},"16":{"start":{"line":25,"column":6},"end":{"line":25,"column":23}},"17":{"start":{"line":26,"column":6},"end":{"line":26,"column":10}},"18":{"start":{"line":28,"column":6},"end":{"line":28,"column":24}},"19":{"start":{"line":29,"column":6},"end":{"line":29,"column":10}},"20":{"start":{"line":31,"column":4},"end":{"line":31,"column":8}},"21":{"start":{"line":34,"column":2},"end":{"line":44,"column":3}},"22":{"start":{"line":35,"column":4},"end":{"line":38,"column":5}},"23":{"start":{"line":36,"column":6},"end":{"line":36,"column":24}},"24":{"start":{"line":37,"column":6},"end":{"line":37,"column":10}},"25":{"start":{"line":40,"column":4},"end":{"line":43,"column":5}},"26":{"start":{"line":41,"column":6},"end":{"line":41,"column":23}},"27":{"start":{"line":42,"column":6},"end":{"line":42,"column":10}},"28":{"start":{"line":45,"column":2},"end":{"line":45,"column":13}},"29":{"start":{"line":48,"column":0},"end":{"line":48,"column":27}}},"fnMap":{"0":{"name":"(anonymous_0)","decl":{"start":{"line":3,"column":18},"end":{"line":3,"column":19}},"loc":{"start":{"line":3,"column":27},"end":{"line":16,"column":1}},"line":3},"1":{"name":"(anonymous_1)","decl":{"start":{"line":18,"column":14},"end":{"line":18,"column":15}},"loc":{"start":{"line":18,"column":36},"end":{"line":46,"column":1}},"line":18}},"branchMap":{"0":{"loc":{"start":{"line":6,"column":2},"end":{"line":15,"column":3}},"type":"if","locations":[{"start":{"line":6,"column":2},"end":{"line":15,"column":3}},{"start":{"line":6,"column":2},"end":{"line":15,"column":3}}],"line":6},"1":{"loc":{"start":{"line":23,"column":9},"end":{"line":23,"column":44}},"type":"binary-expr","locations":[{"start":{"line":23,"column":9},"end":{"line":23,"column":24}},{"start":{"line":23,"column":28},"end":{"line":23,"column":44}}],"line":23},"2":{"loc":{"start":{"line":24,"column":4},"end":{"line":30,"column":5}},"type":"if","locations":[{"start":{"line":24,"column":4},"end":{"line":30,"column":5}},{"start":{"line":24,"column":4},"end":{"line":30,"column":5}}],"line":24},"3":{"loc":{"start":{"line":34,"column":2},"end":{"line":44,"column":3}},"type":"if","locations":[{"start":{"line":34,"column":2},"end":{"line":44,"column":3}},{"start":{"line":34,"column":2},"end":{"line":44,"column":3}}],"line":34}},"s":{"0":1,"1":33,"2":33,"3":15,"4":15,"5":15,"6":15,"7":15,"8":15,"9":15,"10":1,"11":15,"12":15,"13":15,"14":15,"15":27,"16":15,"17":15,"18":12,"19":12,"20":27,"21":15,"22":7,"23":9,"24":9,"25":8,"26":12,"27":12,"28":15,"29":1},"f":{"0":33,"1":15},"b":{"0":[15,18],"1":[42,35],"2":[15,12],"3":[7,8]},"_coverageSchema":"43e27e138ebf9cfc5966b082cf9a028302ed4184","hash":"801d4b9ba519ca33c5005c353e497b9f816b84dd"}
,"/mnt/c/Users/Joel/Projects/CodeFellows/data-structures-and-algorithms/coding-challenges/401/multiBracketValidation/multi-bracket-validation.js": {"path":"/mnt/c/Users/Joel/Projects/CodeFellows/data-structures-and-algorithms/coding-challenges/401/multiBracketValidation/multi-bracket-validation.js","statementMap":{"0":{"start":{"line":5,"column":4},"end":{"line":5,"column":21}},"1":{"start":{"line":6,"column":4},"end":{"line":6,"column":29}},"2":{"start":{"line":12,"column":4},"end":{"line":12,"column":20}},"3":{"start":{"line":16,"column":4},"end":{"line":16,"column":29}},"4":{"start":{"line":21,"column":4},"end":{"line":27,"column":5}},"5":{"start":{"line":22,"column":6},"end":{"line":22,"column":29}},"6":{"start":{"line":23,"column":6},"end":{"line":23,"column":22}},"7":{"start":{"line":25,"column":6},"end":{"line":25,"column":39}},"8":{"start":{"line":26,"column":6},"end":{"line":26,"column":22}},"9":{"start":{"line":31,"column":15},"end":{"line":31,"column":23}},"10":{"start":{"line":32,"column":4},"end":{"line":35,"column":5}},"11":{"start":{"line":33,"column":6},"end":{"line":33,"column":31}},"12":{"start":{"line":34,"column":6},"end":{"line":34,"column":22}},"13":{"start":{"line":36,"column":4},"end":{"line":36,"column":16}},"14":{"start":{"line":40,"column":15},"end":{"line":40,"column":23}},"15":{"start":{"line":41,"column":14},"end":{"line":41,"column":16}},"16":{"start":{"line":42,"column":4},"end":{"line":45,"column":5}},"17":{"start":{"line":43,"column":6},"end":{"line":43,"column":31}},"18":{"start":{"line":44,"column":6},"end":{"line":44,"column":23}},"19":{"start":{"line":46,"column":4},"end":{"line":46,"column":15}},"20":{"start":{"line":50,"column":31},"end":{"line":84,"column":1}},"21":{"start":{"line":51,"column":17},"end":{"line":51,"column":28}},"22":{"start":{"line":53,"column":2},"end":{"line":82,"column":3}},"23":{"start":{"line":54,"column":4},"end":{"line":81,"column":5}},"24":{"start":{"line":56,"column":8},"end":{"line":56,"column":27}},"25":{"start":{"line":57,"column":8},"end":{"line":57,"column":42}},"26":{"start":{"line":58,"column":8},"end":{"line":58,"column":14}},"27":{"start":{"line":60,"column":8},"end":{"line":60,"column":27}},"28":{"start":{"line":61,"column":8},"end":{"line":61,"column":42}},"29":{"start":{"line":62,"column":8},"end":{"line":62,"column":14}},"30":{"start":{"line":64,"column":8},"end":{"line":64,"column":27}},"31":{"start":{"line":65,"column":8},"end":{"line":65,"column":42}},"32":{"start":{"line":66,"column":8},"end":{"line":66,"column":14}},"33":{"start":{"line":68,"column":8},"end":{"line":68,"column":40}},"34":{"start":{"line":69,"column":8},"end":{"line":69,"column":50}},"35":{"start":{"line":69,"column":37},"end":{"line":69,"column":50}},"36":{"start":{"line":70,"column":8},"end":{"line":70,"column":14}},"37":{"start":{"line":72,"column":8},"end":{"line":72,"column":40}},"38":{"start":{"line":73,"column":8},"end":{"line":73,"column":50}},"39":{"start":{"line":73,"column":37},"end":{"line":73,"column":50}},"40":{"start":{"line":74,"column":8},"end":{"line":74,"column":14}},"41":{"start":{"line":76,"column":8},"end":{"line":76,"column":40}},"42":{"start":{"line":77,"column":8},"end":{"line":77,"column":50}},"43":{"start":{"line":77,"column":37},"end":{"line":77,"column":50}},"44":{"start":{"line":78,"column":8},"end":{"line":78,"column":14}},"45":{"start":{"line":83,"column":2},"end":{"line":83,"column":28}},"46":{"start":{"line":86,"column":0},"end":{"line":86,"column":40}}},"fnMap":{"0":{"name":"(anonymous_0)","decl":{"start":{"line":4,"column":2},"end":{"line":4,"column":3}},"loc":{"start":{"line":4,"column":27},"end":{"line":7,"column":3}},"line":4},"1":{"name":"(anonymous_1)","decl":{"start":{"line":11,"column":2},"end":{"line":11,"column":3}},"loc":{"start":{"line":11,"column":16},"end":{"line":13,"column":3}},"line":11},"2":{"name":"(anonymous_2)","decl":{"start":{"line":15,"column":2},"end":{"line":15,"column":3}},"loc":{"start":{"line":15,"column":12},"end":{"line":17,"column":3}},"line":15},"3":{"name":"(anonymous_3)","decl":{"start":{"line":19,"column":2},"end":{"line":19,"column":3}},"loc":{"start":{"line":19,"column":14},"end":{"line":28,"column":3}},"line":19},"4":{"name":"(anonymous_4)","decl":{"start":{"line":30,"column":2},"end":{"line":30,"column":3}},"loc":{"start":{"line":30,"column":8},"end":{"line":37,"column":3}},"line":30},"5":{"name":"(anonymous_5)","decl":{"start":{"line":39,"column":2},"end":{"line":39,"column":3}},"loc":{"start":{"line":39,"column":13},"end":{"line":47,"column":3}},"line":39},"6":{"name":"(anonymous_6)","decl":{"start":{"line":50,"column":31},"end":{"line":50,"column":32}},"loc":{"start":{"line":50,"column":42},"end":{"line":84,"column":1}},"line":50}},"branchMap":{"0":{"loc":{"start":{"line":6,"column":16},"end":{"line":6,"column":28}},"type":"binary-expr","locations":[{"start":{"line":6,"column":16},"end":{"line":6,"column":20}},{"start":{"line":6,"column":24},"end":{"line":6,"column":28}}],"line":6},"1":{"loc":{"start":{"line":21,"column":4},"end":{"line":27,"column":5}},"type":"if","locations":[{"start":{"line":21,"column":4},"end":{"line":27,"column":5}},{"start":{"line":21,"column":4},"end":{"line":27,"column":5}}],"line":21},"2":{"loc":{"start":{"line":32,"column":4},"end":{"line":35,"column":5}},"type":"if","locations":[{"start":{"line":32,"column":4},"end":{"line":35,"column":5}},{"start":{"line":32,"column":4},"end":{"line":35,"column":5}}],"line":32},"3":{"loc":{"start":{"line":54,"column":4},"end":{"line":81,"column":5}},"type":"switch","locations":[{"start":{"line":55,"column":6},"end":{"line":58,"column":14}},{"start":{"line":59,"column":6},"end":{"line":62,"column":14}},{"start":{"line":63,"column":6},"end":{"line":66,"column":14}},{"start":{"line":67,"column":6},"end":{"line":70,"column":14}},{"start":{"line":71,"column":6},"end":{"line":74,"column":14}},{"start":{"line":75,"column":6},"end":{"line":78,"column":14}},{"start":{"line":79,"column":6},"end":{"line":79,"column":14}}],"line":54},"4":{"loc":{"start":{"line":69,"column":8},"end":{"line":69,"column":50}},"type":"if","locations":[{"start":{"line":69,"column":8},"end":{"line":69,"column":50}},{"start":{"line":69,"column":8},"end":{"line":69,"column":50}}],"line":69},"5":{"loc":{"start":{"line":73,"column":8},"end":{"line":73,"column":50}},"type":"if","locations":[{"start":{"line":73,"column":8},"end":{"line":73,"column":50}},{"start":{"line":73,"column":8},"end":{"line":73,"column":50}}],"line":73},"6":{"loc":{"start":{"line":77,"column":8},"end":{"line":77,"column":50}},"type":"if","locations":[{"start":{"line":77,"column":8},"end":{"line":77,"column":50}},{"start":{"line":77,"column":8},"end":{"line":77,"column":50}}],"line":77}},"s":{"0":23,"1":23,"2":4,"3":3,"4":23,"5":4,"6":4,"7":19,"8":19,"9":23,"10":23,"11":22,"12":22,"13":1,"14":0,"15":0,"16":0,"17":0,"18":0,"19":0,"20":1,"21":4,"22":4,"23":103,"24":7,"25":7,"26":7,"27":8,"28":8,"29":8,"30":8,"31":8,"32":8,"33":7,"34":7,"35":1,"36":6,"37":8,"38":8,"39":0,"40":8,"41":8,"42":8,"43":0,"44":8,"45":3,"46":1},"f":{"0":23,"1":4,"2":3,"3":23,"4":23,"5":0,"6":4},"b":{"0":[23,4],"1":[4,19],"2":[22,1],"3":[7,8,8,7,8,8,57],"4":[1,6],"5":[0,8],"6":[0,8]},"_coverageSchema":"43e27e138ebf9cfc5966b082cf9a028302ed4184","hash":"d074ea39b04ed398769071a566f256e1719020c7"}
,"/mnt/c/Users/Joel/Projects/CodeFellows/data-structures-and-algorithms/coding-challenges/401/quickSort/quickSort.js": {"path":"/mnt/c/Users/Joel/Projects/CodeFellows/data-structures-and-algorithms/coding-challenges/401/quickSort/quickSort.js","statementMap":{"0":{"start":{"line":3,"column":18},"end":{"line":10,"column":1}},"1":{"start":{"line":4,"column":2},"end":{"line":9,"column":3}},"2":{"start":{"line":5,"column":19},"end":{"line":5,"column":46}},"3":{"start":{"line":7,"column":4},"end":{"line":7,"column":37}},"4":{"start":{"line":8,"column":4},"end":{"line":8,"column":38}},"5":{"start":{"line":12,"column":18},"end":{"line":26,"column":1}},"6":{"start":{"line":13,"column":16},"end":{"line":13,"column":26}},"7":{"start":{"line":14,"column":12},"end":{"line":14,"column":20}},"8":{"start":{"line":17,"column":2},"end":{"line":22,"column":3}},"9":{"start":{"line":17,"column":15},"end":{"line":17,"column":19}},"10":{"start":{"line":18,"column":4},"end":{"line":21,"column":5}},"11":{"start":{"line":19,"column":6},"end":{"line":19,"column":12}},"12":{"start":{"line":20,"column":6},"end":{"line":20,"column":24}},"13":{"start":{"line":24,"column":2},"end":{"line":24,"column":28}},"14":{"start":{"line":25,"column":2},"end":{"line":25,"column":17}},"15":{"start":{"line":28,"column":13},"end":{"line":32,"column":1}},"16":{"start":{"line":29,"column":15},"end":{"line":29,"column":21}},"17":{"start":{"line":30,"column":2},"end":{"line":30,"column":20}},"18":{"start":{"line":31,"column":2},"end":{"line":31,"column":18}},"19":{"start":{"line":34,"column":0},"end":{"line":34,"column":27}}},"fnMap":{"0":{"name":"(anonymous_0)","decl":{"start":{"line":3,"column":18},"end":{"line":3,"column":19}},"loc":{"start":{"line":3,"column":40},"end":{"line":10,"column":1}},"line":3},"1":{"name":"(anonymous_1)","decl":{"start":{"line":12,"column":18},"end":{"line":12,"column":19}},"loc":{"start":{"line":12,"column":40},"end":{"line":26,"column":1}},"line":12},"2":{"name":"(anonymous_2)","decl":{"start":{"line":28,"column":13},"end":{"line":28,"column":14}},"loc":{"start":{"line":28,"column":30},"end":{"line":32,"column":1}},"line":28}},"branchMap":{"0":{"loc":{"start":{"line":4,"column":2},"end":{"line":9,"column":3}},"type":"if","locations":[{"start":{"line":4,"column":2},"end":{"line":9,"column":3}},{"start":{"line":4,"column":2},"end":{"line":9,"column":3}}],"line":4},"1":{"loc":{"start":{"line":18,"column":4},"end":{"line":21,"column":5}},"type":"if","locations":[{"start":{"line":18,"column":4},"end":{"line":21,"column":5}},{"start":{"line":18,"column":4},"end":{"line":21,"column":5}}],"line":18}},"s":{"0":1,"1":27,"2":12,"3":12,"4":12,"5":1,"6":12,"7":12,"8":12,"9":12,"10":35,"11":23,"12":23,"13":12,"14":12,"15":1,"16":35,"17":35,"18":35,"19":1},"f":{"0":27,"1":12,"2":35},"b":{"0":[12,15],"1":[23,12]},"_coverageSchema":"43e27e138ebf9cfc5966b082cf9a028302ed4184","hash":"6d039cebb520fa830a60fb63d4a2ecd40eed38a1"}
,"/mnt/c/Users/Joel/Projects/CodeFellows/data-structures-and-algorithms/coding-challenges/401/repeatedWord/repeated-word.js": {"path":"/mnt/c/Users/Joel/Projects/CodeFellows/data-structures-and-algorithms/coding-challenges/401/repeatedWord/repeated-word.js","statementMap":{"0":{"start":{"line":2,"column":14},"end":{"line":2,"column":39}},"1":{"start":{"line":3,"column":13},"end":{"line":3,"column":15}},"2":{"start":{"line":4,"column":2},"end":{"line":9,"column":3}},"3":{"start":{"line":4,"column":15},"end":{"line":4,"column":16}},"4":{"start":{"line":5,"column":4},"end":{"line":7,"column":5}},"5":{"start":{"line":5,"column":17},"end":{"line":5,"column":18}},"6":{"start":{"line":6,"column":6},"end":{"line":6,"column":48}},"7":{"start":{"line":6,"column":32},"end":{"line":6,"column":48}},"8":{"start":{"line":8,"column":4},"end":{"line":8,"column":33}},"9":{"start":{"line":10,"column":2},"end":{"line":10,"column":14}},"10":{"start":{"line":14,"column":14},"end":{"line":14,"column":16}},"11":{"start":{"line":15,"column":13},"end":{"line":15,"column":15}},"12":{"start":{"line":16,"column":2},"end":{"line":30,"column":3}},"13":{"start":{"line":16,"column":15},"end":{"line":16,"column":16}},"14":{"start":{"line":17,"column":20},"end":{"line":17,"column":29}},"15":{"start":{"line":18,"column":19},"end":{"line":18,"column":39}},"16":{"start":{"line":20,"column":4},"end":{"line":29,"column":5}},"17":{"start":{"line":25,"column":6},"end":{"line":25,"column":24}},"18":{"start":{"line":27,"column":6},"end":{"line":27,"column":68}},"19":{"start":{"line":27,"column":27},"end":{"line":27,"column":68}},"20":{"start":{"line":28,"column":6},"end":{"line":28,"column":16}},"21":{"start":{"line":31,"column":2},"end":{"line":31,"column":64}},"22":{"start":{"line":31,"column":23},"end":{"line":31,"column":64}},"23":{"start":{"line":32,"column":2},"end":{"line":32,"column":15}},"24":{"start":{"line":35,"column":0},"end":{"line":35,"column":53}}},"fnMap":{"0":{"name":"repeatedWord","decl":{"start":{"line":1,"column":9},"end":{"line":1,"column":21}},"loc":{"start":{"line":1,"column":30},"end":{"line":11,"column":1}},"line":1},"1":{"name":"stringToWordArray","decl":{"start":{"line":13,"column":9},"end":{"line":13,"column":26}},"loc":{"start":{"line":13,"column":35},"end":{"line":33,"column":1}},"line":13}},"branchMap":{"0":{"loc":{"start":{"line":6,"column":6},"end":{"line":6,"column":48}},"type":"if","locations":[{"start":{"line":6,"column":6},"end":{"line":6,"column":48}},{"start":{"line":6,"column":6},"end":{"line":6,"column":48}}],"line":6},"1":{"loc":{"start":{"line":20,"column":4},"end":{"line":29,"column":5}},"type":"if","locations":[{"start":{"line":20,"column":4},"end":{"line":29,"column":5}},{"start":{"line":20,"column":4},"end":{"line":29,"column":5}}],"line":20},"2":{"loc":{"start":{"line":21,"column":6},"end":{"line":23,"column":41}},"type":"binary-expr","locations":[{"start":{"line":21,"column":7},"end":{"line":21,"column":21}},{"start":{"line":21,"column":25},"end":{"line":21,"column":39}},{"start":{"line":22,"column":6},"end":{"line":22,"column":21}},{"start":{"line":23,"column":7},"end":{"line":23,"column":21}},{"start":{"line":23,"column":25},"end":{"line":23,"column":40}}],"line":21},"3":{"loc":{"start":{"line":27,"column":6},"end":{"line":27,"column":68}},"type":"if","locations":[{"start":{"line":27,"column":6},"end":{"line":27,"column":68}},{"start":{"line":27,"column":6},"end":{"line":27,"column":68}}],"line":27},"4":{"loc":{"start":{"line":31,"column":2},"end":{"line":31,"column":64}},"type":"if","locations":[{"start":{"line":31,"column":2},"end":{"line":31,"column":64}},{"start":{"line":31,"column":2},"end":{"line":31,"column":64}}],"line":31}},"s":{"0":3,"1":3,"2":3,"3":3,"4":12,"5":12,"6":17,"7":2,"8":10,"9":1,"10":6,"11":6,"12":6,"13":6,"14":144,"15":144,"16":144,"17":113,"18":31,"19":20,"20":31,"21":6,"22":6,"23":6,"24":1},"f":{"0":3,"1":6},"b":{"0":[2,15],"1":[113,31],"2":[144,113,130,130,99],"3":[20,11],"4":[6,0]},"_coverageSchema":"43e27e138ebf9cfc5966b082cf9a028302ed4184","hash":"7d84bf12c78665f965c25cdaaf760f5165fed939"}
,"/mnt/c/Users/Joel/Projects/CodeFellows/data-structures-and-algorithms/coding-challenges/401/treeIntersection/tree-intersection.js": {"path":"/mnt/c/Users/Joel/Projects/CodeFellows/data-structures-and-algorithms/coding-challenges/401/treeIntersection/tree-intersection.js","statementMap":{"0":{"start":{"line":3,"column":4},"end":{"line":3,"column":19}},"1":{"start":{"line":4,"column":4},"end":{"line":4,"column":31}},"2":{"start":{"line":5,"column":4},"end":{"line":5,"column":29}},"3":{"start":{"line":10,"column":25},"end":{"line":23,"column":1}},"4":{"start":{"line":11,"column":16},"end":{"line":11,"column":18}},"5":{"start":{"line":12,"column":18},"end":{"line":12,"column":20}},"6":{"start":{"line":13,"column":16},"end":{"line":13,"column":21}},"7":{"start":{"line":14,"column":2},"end":{"line":21,"column":3}},"8":{"start":{"line":16,"column":4},"end":{"line":17,"column":32}},"9":{"start":{"line":17,"column":6},"end":{"line":17,"column":32}},"10":{"start":{"line":18,"column":4},"end":{"line":18,"column":51}},"11":{"start":{"line":18,"column":22},"end":{"line":18,"column":51}},"12":{"start":{"line":19,"column":4},"end":{"line":19,"column":53}},"13":{"start":{"line":19,"column":23},"end":{"line":19,"column":53}},"14":{"start":{"line":20,"column":4},"end":{"line":20,"column":32}},"15":{"start":{"line":22,"column":2},"end":{"line":22,"column":17}},"16":{"start":{"line":26,"column":21},"end":{"line":38,"column":1}},"17":{"start":{"line":27,"column":14},"end":{"line":27,"column":19}},"18":{"start":{"line":28,"column":2},"end":{"line":30,"column":3}},"19":{"start":{"line":29,"column":4},"end":{"line":29,"column":17}},"20":{"start":{"line":31,"column":2},"end":{"line":33,"column":3}},"21":{"start":{"line":32,"column":4},"end":{"line":32,"column":41}},"22":{"start":{"line":34,"column":2},"end":{"line":36,"column":3}},"23":{"start":{"line":35,"column":4},"end":{"line":35,"column":42}},"24":{"start":{"line":37,"column":2},"end":{"line":37,"column":15}},"25":{"start":{"line":40,"column":0},"end":{"line":40,"column":58}}},"fnMap":{"0":{"name":"(anonymous_0)","decl":{"start":{"line":2,"column":2},"end":{"line":2,"column":3}},"loc":{"start":{"line":2,"column":32},"end":{"line":6,"column":3}},"line":2},"1":{"name":"(anonymous_1)","decl":{"start":{"line":10,"column":25},"end":{"line":10,"column":26}},"loc":{"start":{"line":10,"column":43},"end":{"line":23,"column":1}},"line":10},"2":{"name":"(anonymous_2)","decl":{"start":{"line":26,"column":21},"end":{"line":26,"column":22}},"loc":{"start":{"line":26,"column":36},"end":{"line":38,"column":1}},"line":26}},"branchMap":{"0":{"loc":{"start":{"line":4,"column":17},"end":{"line":4,"column":30}},"type":"binary-expr","locations":[{"start":{"line":4,"column":17},"end":{"line":4,"column":22}},{"start":{"line":4,"column":26},"end":{"line":4,"column":30}}],"line":4},"1":{"loc":{"start":{"line":5,"column":16},"end":{"line":5,"column":28}},"type":"binary-expr","locations":[{"start":{"line":5,"column":16},"end":{"line":5,"column":20}},{"start":{"line":5,"column":24},"end":{"line":5,"column":28}}],"line":5},"2":{"loc":{"start":{"line":16,"column":4},"end":{"line":17,"column":32}},"type":"if","locations":[{"start":{"line":16,"column":4},"end":{"line":17,"column":32}},{"start":{"line":16,"column":4},"end":{"line":17,"column":32}}],"line":16},"3":{"loc":{"start":{"line":16,"column":8},"end":{"line":16,"column":74}},"type":"binary-expr","locations":[{"start":{"line":16,"column":8},"end":{"line":16,"column":38}},{"start":{"line":16,"column":42},"end":{"line":16,"column":74}}],"line":16},"4":{"loc":{"start":{"line":18,"column":4},"end":{"line":18,"column":51}},"type":"if","locations":[{"start":{"line":18,"column":4},"end":{"line":18,"column":51}},{"start":{"line":18,"column":4},"end":{"line":18,"column":51}}],"line":18},"5":{"loc":{"start":{"line":19,"column":4},"end":{"line":19,"column":53}},"type":"if","locations":[{"start":{"line":19,"column":4},"end":{"line":19,"column":53}},{"start":{"line":19,"column":4},"end":{"line":19,"column":53}}],"line":19},"6":{"loc":{"start":{"line":28,"column":2},"end":{"line":30,"column":3}},"type":"if","locations":[{"start":{"line":28,"column":2},"end":{"line":30,"column":3}},{"start":{"line":28,"column":2},"end":{"line":30,"column":3}}],"line":28},"7":{"loc":{"start":{"line":31,"column":2},"end":{"line":33,"column":3}},"type":"if","locations":[{"start":{"line":31,"column":2},"end":{"line":33,"column":3}},{"start":{"line":31,"column":2},"end":{"line":33,"column":3}}],"line":31},"8":{"loc":{"start":{"line":31,"column":6},"end":{"line":31,"column":34}},"type":"binary-expr","locations":[{"start":{"line":31,"column":6},"end":{"line":31,"column":15}},{"start":{"line":31,"column":19},"end":{"line":31,"column":34}}],"line":31},"9":{"loc":{"start":{"line":34,"column":2},"end":{"line":36,"column":3}},"type":"if","locations":[{"start":{"line":34,"column":2},"end":{"line":36,"column":3}},{"start":{"line":34,"column":2},"end":{"line":36,"column":3}}],"line":34},"10":{"loc":{"start":{"line":34,"column":6},"end":{"line":34,"column":35}},"type":"binary-expr","locations":[{"start":{"line":34,"column":6},"end":{"line":34,"column":16}},{"start":{"line":34,"column":20},"end":{"line":34,"column":35}}],"line":34}},"s":{"0":44,"1":44,"2":44,"3":1,"4":4,"5":4,"6":4,"7":4,"8":44,"9":15,"10":44,"11":20,"12":44,"13":20,"14":44,"15":4,"16":1,"17":465,"18":465,"19":19,"20":465,"21":217,"22":465,"23":196,"24":465,"25":1},"f":{"0":44,"1":4,"2":465},"b":{"0":[44,44],"1":[44,44],"2":[15,29],"3":[44,44],"4":[20,24],"5":[20,24],"6":[19,446],"7":[217,248],"8":[465,223],"9":[196,269],"10":[465,223]},"_coverageSchema":"43e27e138ebf9cfc5966b082cf9a028302ed4184","hash":"df1eae92e32d72d56a7696ba49450e46e50021f4"}
,"/mnt/c/Users/Joel/Projects/CodeFellows/data-structures-and-algorithms/data-structures/binaryTree/binaryTree.js": {"path":"/mnt/c/Users/Joel/Projects/CodeFellows/data-structures-and-algorithms/data-structures/binaryTree/binaryTree.js","statementMap":{"0":{"start":{"line":5,"column":4},"end":{"line":5,"column":19}},"1":{"start":{"line":6,"column":4},"end":{"line":6,"column":29}},"2":{"start":{"line":7,"column":4},"end":{"line":7,"column":31}},"3":{"start":{"line":11,"column":20},"end":{"line":20,"column":1}},"4":{"start":{"line":12,"column":2},"end":{"line":18,"column":3}},"5":{"start":{"line":13,"column":4},"end":{"line":13,"column":28}},"6":{"start":{"line":15,"column":4},"end":{"line":15,"column":55}},"7":{"start":{"line":17,"column":4},"end":{"line":17,"column":57}},"8":{"start":{"line":19,"column":2},"end":{"line":19,"column":14}},"9":{"start":{"line":24,"column":4},"end":{"line":24,"column":21}},"10":{"start":{"line":28,"column":4},"end":{"line":28,"column":30}},"11":{"start":{"line":32,"column":4},"end":{"line":32,"column":27}},"12":{"start":{"line":32,"column":15},"end":{"line":32,"column":27}},"13":{"start":{"line":33,"column":16},"end":{"line":33,"column":18}},"14":{"start":{"line":34,"column":4},"end":{"line":34,"column":25}},"15":{"start":{"line":35,"column":4},"end":{"line":37,"column":5}},"16":{"start":{"line":36,"column":6},"end":{"line":36,"column":53}},"17":{"start":{"line":38,"column":4},"end":{"line":40,"column":5}},"18":{"start":{"line":39,"column":6},"end":{"line":39,"column":54}},"19":{"start":{"line":41,"column":4},"end":{"line":41,"column":17}},"20":{"start":{"line":46,"column":4},"end":{"line":46,"column":40}},"21":{"start":{"line":46,"column":28},"end":{"line":46,"column":40}},"22":{"start":{"line":47,"column":18},"end":{"line":47,"column":27}},"23":{"start":{"line":48,"column":18},"end":{"line":48,"column":20}},"24":{"start":{"line":49,"column":18},"end":{"line":49,"column":20}},"25":{"start":{"line":50,"column":4},"end":{"line":50,"column":24}},"26":{"start":{"line":51,"column":4},"end":{"line":56,"column":5}},"27":{"start":{"line":52,"column":6},"end":{"line":52,"column":28}},"28":{"start":{"line":53,"column":6},"end":{"line":53,"column":51}},"29":{"start":{"line":53,"column":25},"end":{"line":53,"column":51}},"30":{"start":{"line":54,"column":6},"end":{"line":54,"column":49}},"31":{"start":{"line":54,"column":24},"end":{"line":54,"column":49}},"32":{"start":{"line":55,"column":6},"end":{"line":55,"column":30}},"33":{"start":{"line":57,"column":4},"end":{"line":57,"column":17}},"34":{"start":{"line":61,"column":4},"end":{"line":61,"column":27}},"35":{"start":{"line":61,"column":15},"end":{"line":61,"column":27}},"36":{"start":{"line":62,"column":16},"end":{"line":62,"column":18}},"37":{"start":{"line":63,"column":4},"end":{"line":65,"column":5}},"38":{"start":{"line":64,"column":6},"end":{"line":64,"column":52}},"39":{"start":{"line":66,"column":4},"end":{"line":66,"column":25}},"40":{"start":{"line":67,"column":4},"end":{"line":69,"column":5}},"41":{"start":{"line":68,"column":6},"end":{"line":68,"column":53}},"42":{"start":{"line":70,"column":4},"end":{"line":70,"column":17}},"43":{"start":{"line":75,"column":4},"end":{"line":75,"column":40}},"44":{"start":{"line":75,"column":28},"end":{"line":75,"column":40}},"45":{"start":{"line":76,"column":18},"end":{"line":76,"column":27}},"46":{"start":{"line":77,"column":18},"end":{"line":77,"column":20}},"47":{"start":{"line":78,"column":18},"end":{"line":78,"column":20}},"48":{"start":{"line":79,"column":4},"end":{"line":88,"column":5}},"49":{"start":{"line":81,"column":6},"end":{"line":84,"column":7}},"50":{"start":{"line":82,"column":8},"end":{"line":82,"column":28}},"51":{"start":{"line":83,"column":8},"end":{"line":83,"column":31}},"52":{"start":{"line":85,"column":6},"end":{"line":85,"column":28}},"53":{"start":{"line":86,"column":6},"end":{"line":86,"column":30}},"54":{"start":{"line":87,"column":6},"end":{"line":87,"column":30}},"55":{"start":{"line":89,"column":4},"end":{"line":89,"column":17}},"56":{"start":{"line":93,"column":4},"end":{"line":93,"column":27}},"57":{"start":{"line":93,"column":15},"end":{"line":93,"column":27}},"58":{"start":{"line":94,"column":16},"end":{"line":94,"column":18}},"59":{"start":{"line":95,"column":4},"end":{"line":97,"column":5}},"60":{"start":{"line":96,"column":6},"end":{"line":96,"column":54}},"61":{"start":{"line":98,"column":4},"end":{"line":100,"column":5}},"62":{"start":{"line":99,"column":6},"end":{"line":99,"column":55}},"63":{"start":{"line":101,"column":4},"end":{"line":101,"column":25}},"64":{"start":{"line":102,"column":4},"end":{"line":102,"column":17}},"65":{"start":{"line":107,"column":4},"end":{"line":107,"column":40}},"66":{"start":{"line":107,"column":28},"end":{"line":107,"column":40}},"67":{"start":{"line":108,"column":18},"end":{"line":108,"column":27}},"68":{"start":{"line":109,"column":15},"end":{"line":109,"column":19}},"69":{"start":{"line":110,"column":18},"end":{"line":110,"column":20}},"70":{"start":{"line":111,"column":18},"end":{"line":111,"column":20}},"71":{"start":{"line":112,"column":4},"end":{"line":129,"column":5}},"72":{"start":{"line":114,"column":6},"end":{"line":128,"column":7}},"73":{"start":{"line":115,"column":8},"end":{"line":115,"column":28}},"74":{"start":{"line":116,"column":8},"end":{"line":116,"column":31}},"75":{"start":{"line":118,"column":8},"end":{"line":118,"column":30}},"76":{"start":{"line":120,"column":8},"end":{"line":127,"column":9}},"77":{"start":{"line":121,"column":10},"end":{"line":121,"column":34}},"78":{"start":{"line":122,"column":10},"end":{"line":122,"column":25}},"79":{"start":{"line":123,"column":10},"end":{"line":123,"column":25}},"80":{"start":{"line":125,"column":10},"end":{"line":125,"column":30}},"81":{"start":{"line":126,"column":10},"end":{"line":126,"column":34}},"82":{"start":{"line":130,"column":4},"end":{"line":130,"column":17}},"83":{"start":{"line":136,"column":4},"end":{"line":136,"column":12}},"84":{"start":{"line":140,"column":4},"end":{"line":144,"column":5}},"85":{"start":{"line":141,"column":6},"end":{"line":141,"column":34}},"86":{"start":{"line":143,"column":6},"end":{"line":143,"column":35}},"87":{"start":{"line":148,"column":4},"end":{"line":160,"column":5}},"88":{"start":{"line":149,"column":6},"end":{"line":153,"column":7}},"89":{"start":{"line":150,"column":8},"end":{"line":150,"column":37}},"90":{"start":{"line":152,"column":8},"end":{"line":152,"column":36}},"91":{"start":{"line":155,"column":6},"end":{"line":159,"column":7}},"92":{"start":{"line":156,"column":8},"end":{"line":156,"column":38}},"93":{"start":{"line":158,"column":8},"end":{"line":158,"column":37}},"94":{"start":{"line":164,"column":4},"end":{"line":164,"column":33}},"95":{"start":{"line":164,"column":20},"end":{"line":164,"column":33}},"96":{"start":{"line":165,"column":4},"end":{"line":165,"column":45}},"97":{"start":{"line":169,"column":4},"end":{"line":183,"column":5}},"98":{"start":{"line":170,"column":6},"end":{"line":170,"column":18}},"99":{"start":{"line":171,"column":11},"end":{"line":183,"column":5}},"100":{"start":{"line":172,"column":6},"end":{"line":176,"column":7}},"101":{"start":{"line":173,"column":8},"end":{"line":173,"column":49}},"102":{"start":{"line":175,"column":8},"end":{"line":175,"column":21}},"103":{"start":{"line":178,"column":6},"end":{"line":182,"column":7}},"104":{"start":{"line":179,"column":8},"end":{"line":179,"column":50}},"105":{"start":{"line":181,"column":8},"end":{"line":181,"column":21}},"106":{"start":{"line":187,"column":0},"end":{"line":187,"column":69}}},"fnMap":{"0":{"name":"(anonymous_0)","decl":{"start":{"line":4,"column":2},"end":{"line":4,"column":3}},"loc":{"start":{"line":4,"column":32},"end":{"line":8,"column":3}},"line":4},"1":{"name":"(anonymous_1)","decl":{"start":{"line":11,"column":20},"end":{"line":11,"column":21}},"loc":{"start":{"line":11,"column":49},"end":{"line":20,"column":1}},"line":11},"2":{"name":"(anonymous_2)","decl":{"start":{"line":23,"column":2},"end":{"line":23,"column":3}},"loc":{"start":{"line":23,"column":16},"end":{"line":25,"column":3}},"line":23},"3":{"name":"(anonymous_3)","decl":{"start":{"line":27,"column":2},"end":{"line":27,"column":3}},"loc":{"start":{"line":27,"column":12},"end":{"line":29,"column":3}},"line":27},"4":{"name":"(anonymous_4)","decl":{"start":{"line":31,"column":2},"end":{"line":31,"column":3}},"loc":{"start":{"line":31,"column":29},"end":{"line":42,"column":3}},"line":31},"5":{"name":"(anonymous_5)","decl":{"start":{"line":44,"column":2},"end":{"line":44,"column":3}},"loc":{"start":{"line":44,"column":22},"end":{"line":58,"column":3}},"line":44},"6":{"name":"(anonymous_6)","decl":{"start":{"line":60,"column":2},"end":{"line":60,"column":3}},"loc":{"start":{"line":60,"column":28},"end":{"line":71,"column":3}},"line":60},"7":{"name":"(anonymous_7)","decl":{"start":{"line":73,"column":2},"end":{"line":73,"column":3}},"loc":{"start":{"line":73,"column":21},"end":{"line":90,"column":3}},"line":73},"8":{"name":"(anonymous_8)","decl":{"start":{"line":92,"column":2},"end":{"line":92,"column":3}},"loc":{"start":{"line":92,"column":30},"end":{"line":103,"column":3}},"line":92},"9":{"name":"(anonymous_9)","decl":{"start":{"line":105,"column":2},"end":{"line":105,"column":3}},"loc":{"start":{"line":105,"column":23},"end":{"line":131,"column":3}},"line":105},"10":{"name":"(anonymous_10)","decl":{"start":{"line":135,"column":2},"end":{"line":135,"column":3}},"loc":{"start":{"line":135,"column":16},"end":{"line":137,"column":3}},"line":135},"11":{"name":"(anonymous_11)","decl":{"start":{"line":139,"column":2},"end":{"line":139,"column":3}},"loc":{"start":{"line":139,"column":13},"end":{"line":145,"column":3}},"line":139},"12":{"name":"(anonymous_12)","decl":{"start":{"line":147,"column":2},"end":{"line":147,"column":3}},"loc":{"start":{"line":147,"column":21},"end":{"line":161,"column":3}},"line":147},"13":{"name":"(anonymous_13)","decl":{"start":{"line":163,"column":2},"end":{"line":163,"column":3}},"loc":{"start":{"line":163,"column":18},"end":{"line":166,"column":3}},"line":163},"14":{"name":"(anonymous_14)","decl":{"start":{"line":168,"column":2},"end":{"line":168,"column":3}},"loc":{"start":{"line":168,"column":26},"end":{"line":184,"column":3}},"line":168}},"branchMap":{"0":{"loc":{"start":{"line":6,"column":16},"end":{"line":6,"column":28}},"type":"binary-expr","locations":[{"start":{"line":6,"column":16},"end":{"line":6,"column":20}},{"start":{"line":6,"column":24},"end":{"line":6,"column":28}}],"line":6},"1":{"loc":{"start":{"line":7,"column":17},"end":{"line":7,"column":30}},"type":"binary-expr","locations":[{"start":{"line":7,"column":17},"end":{"line":7,"column":22}},{"start":{"line":7,"column":26},"end":{"line":7,"column":30}}],"line":7},"2":{"loc":{"start":{"line":11,"column":26},"end":{"line":11,"column":37}},"type":"default-arg","locations":[{"start":{"line":11,"column":33},"end":{"line":11,"column":37}}],"line":11},"3":{"loc":{"start":{"line":11,"column":39},"end":{"line":11,"column":44}},"type":"default-arg","locations":[{"start":{"line":11,"column":43},"end":{"line":11,"column":44}}],"line":11},"4":{"loc":{"start":{"line":12,"column":2},"end":{"line":18,"column":3}},"type":"if","locations":[{"start":{"line":12,"column":2},"end":{"line":18,"column":3}},{"start":{"line":12,"column":2},"end":{"line":18,"column":3}}],"line":12},"5":{"loc":{"start":{"line":31,"column":11},"end":{"line":31,"column":27}},"type":"default-arg","locations":[{"start":{"line":31,"column":18},"end":{"line":31,"column":27}}],"line":31},"6":{"loc":{"start":{"line":32,"column":4},"end":{"line":32,"column":27}},"type":"if","locations":[{"start":{"line":32,"column":4},"end":{"line":32,"column":27}},{"start":{"line":32,"column":4},"end":{"line":32,"column":27}}],"line":32},"7":{"loc":{"start":{"line":35,"column":4},"end":{"line":37,"column":5}},"type":"if","locations":[{"start":{"line":35,"column":4},"end":{"line":37,"column":5}},{"start":{"line":35,"column":4},"end":{"line":37,"column":5}}],"line":35},"8":{"loc":{"start":{"line":38,"column":4},"end":{"line":40,"column":5}},"type":"if","locations":[{"start":{"line":38,"column":4},"end":{"line":40,"column":5}},{"start":{"line":38,"column":4},"end":{"line":40,"column":5}}],"line":38},"9":{"loc":{"start":{"line":46,"column":4},"end":{"line":46,"column":40}},"type":"if","locations":[{"start":{"line":46,"column":4},"end":{"line":46,"column":40}},{"start":{"line":46,"column":4},"end":{"line":46,"column":40}}],"line":46},"10":{"loc":{"start":{"line":53,"column":6},"end":{"line":53,"column":51}},"type":"if","locations":[{"start":{"line":53,"column":6},"end":{"line":53,"column":51}},{"start":{"line":53,"column":6},"end":{"line":53,"column":51}}],"line":53},"11":{"loc":{"start":{"line":54,"column":6},"end":{"line":54,"column":49}},"type":"if","locations":[{"start":{"line":54,"column":6},"end":{"line":54,"column":49}},{"start":{"line":54,"column":6},"end":{"line":54,"column":49}}],"line":54},"12":{"loc":{"start":{"line":60,"column":10},"end":{"line":60,"column":26}},"type":"default-arg","locations":[{"start":{"line":60,"column":17},"end":{"line":60,"column":26}}],"line":60},"13":{"loc":{"start":{"line":61,"column":4},"end":{"line":61,"column":27}},"type":"if","locations":[{"start":{"line":61,"column":4},"end":{"line":61,"column":27}},{"start":{"line":61,"column":4},"end":{"line":61,"column":27}}],"line":61},"14":{"loc":{"start":{"line":63,"column":4},"end":{"line":65,"column":5}},"type":"if","locations":[{"start":{"line":63,"column":4},"end":{"line":65,"column":5}},{"start":{"line":63,"column":4},"end":{"line":65,"column":5}}],"line":63},"15":{"loc":{"start":{"line":67,"column":4},"end":{"line":69,"column":5}},"type":"if","locations":[{"start":{"line":67,"column":4},"end":{"line":69,"column":5}},{"start":{"line":67,"column":4},"end":{"line":69,"column":5}}],"line":67},"16":{"loc":{"start":{"line":75,"column":4},"end":{"line":75,"column":40}},"type":"if","locations":[{"start":{"line":75,"column":4},"end":{"line":75,"column":40}},{"start":{"line":75,"column":4},"end":{"line":75,"column":40}}],"line":75},"17":{"loc":{"start":{"line":79,"column":11},"end":{"line":79,"column":38}},"type":"binary-expr","locations":[{"start":{"line":79,"column":11},"end":{"line":79,"column":18}},{"start":{"line":79,"column":22},"end":{"line":79,"column":38}}],"line":79},"18":{"loc":{"start":{"line":92,"column":12},"end":{"line":92,"column":28}},"type":"default-arg","locations":[{"start":{"line":92,"column":19},"end":{"line":92,"column":28}}],"line":92},"19":{"loc":{"start":{"line":93,"column":4},"end":{"line":93,"column":27}},"type":"if","locations":[{"start":{"line":93,"column":4},"end":{"line":93,"column":27}},{"start":{"line":93,"column":4},"end":{"line":93,"column":27}}],"line":93},"20":{"loc":{"start":{"line":95,"column":4},"end":{"line":97,"column":5}},"type":"if","locations":[{"start":{"line":95,"column":4},"end":{"line":97,"column":5}},{"start":{"line":95,"column":4},"end":{"line":97,"column":5}}],"line":95},"21":{"loc":{"start":{"line":98,"column":4},"end":{"line":100,"column":5}},"type":"if","locations":[{"start":{"line":98,"column":4},"end":{"line":100,"column":5}},{"start":{"line":98,"column":4},"end":{"line":100,"column":5}}],"line":98},"22":{"loc":{"start":{"line":107,"column":4},"end":{"line":107,"column":40}},"type":"if","locations":[{"start":{"line":107,"column":4},"end":{"line":107,"column":40}},{"start":{"line":107,"column":4},"end":{"line":107,"column":40}}],"line":107},"23":{"loc":{"start":{"line":112,"column":11},"end":{"line":112,"column":38}},"type":"binary-expr","locations":[{"start":{"line":112,"column":11},"end":{"line":112,"column":18}},{"start":{"line":112,"column":22},"end":{"line":112,"column":38}}],"line":112},"24":{"loc":{"start":{"line":114,"column":6},"end":{"line":128,"column":7}},"type":"if","locations":[{"start":{"line":114,"column":6},"end":{"line":128,"column":7}},{"start":{"line":114,"column":6},"end":{"line":128,"column":7}}],"line":114},"25":{"loc":{"start":{"line":120,"column":8},"end":{"line":127,"column":9}},"type":"if","locations":[{"start":{"line":120,"column":8},"end":{"line":127,"column":9}},{"start":{"line":120,"column":8},"end":{"line":127,"column":9}}],"line":120},"26":{"loc":{"start":{"line":120,"column":12},"end":{"line":120,"column":60}},"type":"binary-expr","locations":[{"start":{"line":120,"column":12},"end":{"line":120,"column":34}},{"start":{"line":120,"column":38},"end":{"line":120,"column":60}}],"line":120},"27":{"loc":{"start":{"line":140,"column":4},"end":{"line":144,"column":5}},"type":"if","locations":[{"start":{"line":140,"column":4},"end":{"line":144,"column":5}},{"start":{"line":140,"column":4},"end":{"line":144,"column":5}}],"line":140},"28":{"loc":{"start":{"line":148,"column":4},"end":{"line":160,"column":5}},"type":"if","locations":[{"start":{"line":148,"column":4},"end":{"line":160,"column":5}},{"start":{"line":148,"column":4},"end":{"line":160,"column":5}}],"line":148},"29":{"loc":{"start":{"line":149,"column":6},"end":{"line":153,"column":7}},"type":"if","locations":[{"start":{"line":149,"column":6},"end":{"line":153,"column":7}},{"start":{"line":149,"column":6},"end":{"line":153,"column":7}}],"line":149},"30":{"loc":{"start":{"line":155,"column":6},"end":{"line":159,"column":7}},"type":"if","locations":[{"start":{"line":155,"column":6},"end":{"line":159,"column":7}},{"start":{"line":155,"column":6},"end":{"line":159,"column":7}}],"line":155},"31":{"loc":{"start":{"line":164,"column":4},"end":{"line":164,"column":33}},"type":"if","locations":[{"start":{"line":164,"column":4},"end":{"line":164,"column":33}},{"start":{"line":164,"column":4},"end":{"line":164,"column":33}}],"line":164},"32":{"loc":{"start":{"line":169,"column":4},"end":{"line":183,"column":5}},"type":"if","locations":[{"start":{"line":169,"column":4},"end":{"line":183,"column":5}},{"start":{"line":169,"column":4},"end":{"line":183,"column":5}}],"line":169},"33":{"loc":{"start":{"line":171,"column":11},"end":{"line":183,"column":5}},"type":"if","locations":[{"start":{"line":171,"column":11},"end":{"line":183,"column":5}},{"start":{"line":171,"column":11},"end":{"line":183,"column":5}}],"line":171},"34":{"loc":{"start":{"line":172,"column":6},"end":{"line":176,"column":7}},"type":"if","locations":[{"start":{"line":172,"column":6},"end":{"line":176,"column":7}},{"start":{"line":172,"column":6},"end":{"line":176,"column":7}}],"line":172},"35":{"loc":{"start":{"line":178,"column":6},"end":{"line":182,"column":7}},"type":"if","locations":[{"start":{"line":178,"column":6},"end":{"line":182,"column":7}},{"start":{"line":178,"column":6},"end":{"line":182,"column":7}}],"line":178}},"s":{"0":89,"1":89,"2":89,"3":3,"4":168,"5":76,"6":76,"7":76,"8":168,"9":18,"10":4,"11":7,"12":0,"13":7,"14":7,"15":7,"16":3,"17":7,"18":3,"19":7,"20":1,"21":0,"22":1,"23":1,"24":1,"25":1,"26":1,"27":7,"28":7,"29":3,"30":7,"31":3,"32":7,"33":1,"34":7,"35":0,"36":7,"37":7,"38":3,"39":7,"40":7,"41":3,"42":7,"43":1,"44":0,"45":1,"46":1,"47":1,"48":1,"49":7,"50":7,"51":7,"52":7,"53":7,"54":7,"55":1,"56":7,"57":0,"58":7,"59":7,"60":3,"61":7,"62":3,"63":7,"64":7,"65":1,"66":0,"67":1,"68":1,"69":1,"70":1,"71":1,"72":17,"73":7,"74":7,"75":10,"76":10,"77":7,"78":7,"79":7,"80":3,"81":3,"82":1,"83":4,"84":13,"85":3,"86":10,"87":18,"88":8,"89":4,"
[...]
,"/mnt/c/Users/Joel/Projects/CodeFellows/data-structures-and-algorithms/data-structures/linkedList/linked-list.js": {"path":"/mnt/c/Users/Joel/Projects/CodeFellows/data-structures-and-algorithms/data-structures/linkedList/linked-list.js","statementMap":{"0":{"start":{"line":5,"column":4},"end":{"line":5,"column":19}},"1":{"start":{"line":6,"column":4},"end":{"line":6,"column":21}},"2":{"start":{"line":7,"column":4},"end":{"line":7,"column":21}},"3":{"start":{"line":13,"column":4},"end":{"line":13,"column":21}},"4":{"start":{"line":17,"column":4},"end":{"line":19,"column":5}},"5":{"start":{"line":18,"column":6},"end":{"line":18,"column":15}},"6":{"start":{"line":20,"column":18},"end":{"line":20,"column":27}},"7":{"start":{"line":21,"column":16},"end":{"line":21,"column":17}},"8":{"start":{"line":22,"column":4},"end":{"line":25,"column":5}},"9":{"start":{"line":23,"column":6},"end":{"line":23,"column":14}},"10":{"start":{"line":24,"column":6},"end":{"line":24,"column":29}},"11":{"start":{"line":26,"column":4},"end":{"line":26,"column":17}},"12":{"start":{"line":30,"column":4},"end":{"line":35,"column":5}},"13":{"start":{"line":31,"column":6},"end":{"line":31,"column":32}},"14":{"start":{"line":33,"column":20},"end":{"line":33,"column":44}},"15":{"start":{"line":34,"column":6},"end":{"line":34,"column":26}},"16":{"start":{"line":39,"column":18},"end":{"line":39,"column":27}},"17":{"start":{"line":40,"column":18},"end":{"line":40,"column":23}},"18":{"start":{"line":41,"column":4},"end":{"line":47,"column":5}},"19":{"start":{"line":42,"column":6},"end":{"line":45,"column":7}},"20":{"start":{"line":43,"column":8},"end":{"line":43,"column":23}},"21":{"start":{"line":44,"column":8},"end":{"line":44,"column":14}},"22":{"start":{"line":46,"column":6},"end":{"line":46,"column":29}},"23":{"start":{"line":48,"column":4},"end":{"line":48,"column":19}},"24":{"start":{"line":52,"column":4},"end":{"line":54,"column":5}},"25":{"start":{"line":53,"column":6},"end":{"line":53,"column":16}},"26":{"start":{"line":55,"column":18},"end":{"line":55,"column":27}},"27":{"start":{"line":56,"column":14},"end":{"line":56,"column":16}},"28":{"start":{"line":57,"column":4},"end":{"line":61,"column":5}},"29":{"start":{"line":58,"column":6},"end":{"line":58,"column":36}},"30":{"start":{"line":58,"column":22},"end":{"line":58,"column":36}},"31":{"start":{"line":59,"column":6},"end":{"line":59,"column":34}},"32":{"start":{"line":60,"column":6},"end":{"line":60,"column":29}},"33":{"start":{"line":62,"column":4},"end":{"line":62,"column":22}},"34":{"start":{"line":63,"column":4},"end":{"line":63,"column":15}},"35":{"start":{"line":67,"column":18},"end":{"line":67,"column":27}},"36":{"start":{"line":68,"column":4},"end":{"line":75,"column":5}},"37":{"start":{"line":69,"column":6},"end":{"line":71,"column":7}},"38":{"start":{"line":70,"column":8},"end":{"line":70,"column":31}},"39":{"start":{"line":72,"column":6},"end":{"line":72,"column":37}},"40":{"start":{"line":74,"column":6},"end":{"line":74,"column":34}},"41":{"start":{"line":79,"column":18},"end":{"line":79,"column":27}},"42":{"start":{"line":80,"column":4},"end":{"line":93,"column":5}},"43":{"start":{"line":81,"column":6},"end":{"line":84,"column":7}},"44":{"start":{"line":82,"column":8},"end":{"line":82,"column":48}},"45":{"start":{"line":83,"column":8},"end":{"line":83,"column":15}},"46":{"start":{"line":85,"column":6},"end":{"line":92,"column":7}},"47":{"start":{"line":86,"column":8},"end":{"line":90,"column":9}},"48":{"start":{"line":87,"column":21},"end":{"line":87,"column":51}},"49":{"start":{"line":88,"column":10},"end":{"line":88,"column":30}},"50":{"start":{"line":89,"column":10},"end":{"line":89,"column":17}},"51":{"start":{"line":91,"column":8},"end":{"line":91,"column":31}},"52":{"start":{"line":94,"column":4},"end":{"line":94,"column":42}},"53":{"start":{"line":98,"column":18},"end":{"line":98,"column":27}},"54":{"start":{"line":100,"column":4},"end":{"line":112,"column":5}},"55":{"start":{"line":101,"column":6},"end":{"line":110,"column":7}},"56":{"start":{"line":102,"column":8},"end":{"line":108,"column":9}},"57":{"start":{"line":103,"column":10},"end":{"line":103,"column":48}},"58":{"start":{"line":104,"column":10},"end":{"line":104,"column":30}},"59":{"start":{"line":106,"column":10},"end":{"line":106,"column":34}},"60":{"start":{"line":107,"column":10},"end":{"line":107,"column":30}},"61":{"start":{"line":109,"column":8},"end":{"line":109,"column":15}},"62":{"start":{"line":111,"column":6},"end":{"line":111,"column":29}},"63":{"start":{"line":113,"column":4},"end":{"line":113,"column":42}},"64":{"start":{"line":117,"column":19},"end":{"line":117,"column":35}},"65":{"start":{"line":118,"column":4},"end":{"line":120,"column":5}},"66":{"start":{"line":119,"column":6},"end":{"line":119,"column":52}},"67":{"start":{"line":121,"column":18},"end":{"line":121,"column":27}},"68":{"start":{"line":122,"column":17},"end":{"line":122,"column":18}},"69":{"start":{"line":123,"column":4},"end":{"line":125,"column":5}},"70":{"start":{"line":124,"column":6},"end":{"line":124,"column":29}},"71":{"start":{"line":126,"column":4},"end":{"line":126,"column":23}},"72":{"start":{"line":132,"column":4},"end":{"line":132,"column":12}},"73":{"start":{"line":133,"column":4},"end":{"line":133,"column":21}},"74":{"start":{"line":137,"column":4},"end":{"line":146,"column":5}},"75":{"start":{"line":138,"column":6},"end":{"line":138,"column":44}},"76":{"start":{"line":139,"column":11},"end":{"line":146,"column":5}},"77":{"start":{"line":140,"column":6},"end":{"line":140,"column":32}},"78":{"start":{"line":141,"column":6},"end":{"line":141,"column":33}},"79":{"start":{"line":143,"column":20},"end":{"line":143,"column":44}},"80":{"start":{"line":144,"column":6},"end":{"line":144,"column":31}},"81":{"start":{"line":145,"column":6},"end":{"line":145,"column":26}},"82":{"start":{"line":152,"column":0},"end":{"line":152,"column":56}}},"fnMap":{"0":{"name":"(anonymous_0)","decl":{"start":{"line":4,"column":2},"end":{"line":4,"column":3}},"loc":{"start":{"line":4,"column":31},"end":{"line":8,"column":3}},"line":4},"1":{"name":"(anonymous_1)","decl":{"start":{"line":12,"column":2},"end":{"line":12,"column":3}},"loc":{"start":{"line":12,"column":16},"end":{"line":14,"column":3}},"line":12},"2":{"name":"(anonymous_2)","decl":{"start":{"line":16,"column":2},"end":{"line":16,"column":3}},"loc":{"start":{"line":16,"column":10},"end":{"line":27,"column":3}},"line":16},"3":{"name":"(anonymous_3)","decl":{"start":{"line":29,"column":2},"end":{"line":29,"column":3}},"loc":{"start":{"line":29,"column":14},"end":{"line":36,"column":3}},"line":29},"4":{"name":"(anonymous_4)","decl":{"start":{"line":38,"column":2},"end":{"line":38,"column":3}},"loc":{"start":{"line":38,"column":16},"end":{"line":49,"column":3}},"line":38},"5":{"name":"(anonymous_5)","decl":{"start":{"line":51,"column":2},"end":{"line":51,"column":3}},"loc":{"start":{"line":51,"column":13},"end":{"line":64,"column":3}},"line":51},"6":{"name":"(anonymous_6)","decl":{"start":{"line":66,"column":2},"end":{"line":66,"column":3}},"loc":{"start":{"line":66,"column":16},"end":{"line":76,"column":3}},"line":66},"7":{"name":"(anonymous_7)","decl":{"start":{"line":78,"column":2},"end":{"line":78,"column":3}},"loc":{"start":{"line":78,"column":30},"end":{"line":95,"column":3}},"line":78},"8":{"name":"(anonymous_8)","decl":{"start":{"line":97,"column":2},"end":{"line":97,"column":3}},"loc":{"start":{"line":97,"column":29},"end":{"line":114,"column":3}},"line":97},"9":{"name":"(anonymous_9)","decl":{"start":{"line":116,"column":2},"end":{"line":116,"column":3}},"loc":{"start":{"line":116,"column":16},"end":{"line":127,"column":3}},"line":116},"10":{"name":"(anonymous_10)","decl":{"start":{"line":131,"column":2},"end":{"line":131,"column":3}},"loc":{"start":{"line":131,"column":16},"end":{"line":134,"column":3}},"line":131},"11":{"name":"(anonymous_11)","decl":{"start":{"line":136,"column":2},"end":{"line":136,"column":3}},"loc":{"start":{"line":136,"column":14},"end":{"line":147,"column":3}},"line":136}},"branchMap":{"0":{"loc":{"start":{"line":17,"column":4},"end":{"line":19,"column":5}},"type":"if","locations":[{"start":{"line":17,"column":4},"end":{"line":19,"column":5}},{"start":{"line":17,"column":4},"end":{"line":19,"column":5}}],"line":17},"1":{"loc":{"start":{"line":30,"column":4},"end":{"line":35,"column":5}},"type":"if","locations":[{"start":{"line":30,"column":4},"end":{"line":35,"column":5}},{"start":{"line":30,"column":4},"end":{"line":35,"column":5}}],"line":30},"2":{"loc":{"start":{"line":42,"column":6},"end":{"line":45,"column":7}},"type":"if","locations":[{"start":{"line":42,"column":6},"end":{"line":45,"column":7}},{"start":{"line":42,"column":6},"end":{"line":45,"column":7}}],"line":42},"3":{"loc":{"start":{"line":52,"column":4},"end":{"line":54,"column":5}},"type":"if","locations":[{"start":{"line":52,"column":4},"end":{"line":54,"column":5}},{"start":{"line":52,"column":4},"end":{"line":54,"column":5}}],"line":52},"4":{"loc":{"start":{"line":58,"column":6},"end":{"line":58,"column":36}},"type":"if","locations":[{"start":{"line":58,"column":6},"end":{"line":58,"column":36}},{"start":{"line":58,"column":6},"end":{"line":58,"column":36}}],"line":58},"5":{"loc":{"start":{"line":68,"column":4},"end":{"line":75,"column":5}},"type":"if","locations":[{"start":{"line":68,"column":4},"end":{"line":75,"column":5}},{"start":{"line":68,"column":4},"end":{"line":75,"column":5}}],"line":68},"6":{"loc":{"start":{"line":80,"column":4},"end":{"line":93,"column":5}},"type":"if","locations":[{"start":{"line":80,"column":4},"end":{"line":93,"column":5}},{"start":{"line":80,"column":4},"end":{"line":93,"column":5}}],"line":80},"7":{"loc":{"start":{"line":81,"column":6},"end":{"line":84,"column":7}},"type":"if","locations":[{"start":{"line":81,"column":6},"end":{"line":84,"column":7}},{"start":{"line":81,"column":6},"end":{"line":84,"column":7}}],"line":81},"8":{"loc":{"start":{"line":86,"column":8},"end":{"line":90,"column":9}},"type":"if","locations":[{"start":{"line":86,"column":8},"end":{"line":90,"column":9}},{"start":{"line":86,"column":8},"end":{"line":90,"column":9}}],"line":86},"9":{"loc":{"start":{"line":101,"column":6},"end":{"line":110,"column":7}},"type":"if","locations":[{"start":{"line":101,"column":6},"end":{"line":110,"column":7}},{"start":{"line":101,"column":6},"end":{"line":110,"column":7}}],"line":101},"10":{"loc":{"start":{"line":102,"column":8},"end":{"line":108,"column":9}},"type":"if","locations":[{"start":{"line":102,"column":8},"end":{"line":108,"column":9}},{"start":{"line":102,"column":8},"end":{"line":108,"column":9}}],"line":102},"11":{"loc":{"start":{"line":118,"column":4},"end":{"line":120,"column":5}},"type":"if","locations":[{"start":{"line":118,"column":4},"end":{"line":120,"column":5}},{"start":{"line":118,"column":4},"end":{"line":120,"column":5}}],"line":118},"12":{"loc":{"start":{"line":118,"column":8},"end":{"line":118,"column":44}},"type":"binary-expr","locations":[{"start":{"line":118,"column":8},"end":{"line":118,"column":21}},{"start":{"line":118,"column":25},"end":{"line":118,"column":35}},{"start":{"line":118,"column":39},"end":{"line":118,"column":44}}],"line":118},"13":{"loc":{"start":{"line":137,"column":4},"end":{"line":146,"column":5}},"type":"if","locations":[{"start":{"line":137,"column":4},"end":{"line":146,"column":5}},{"start":{"line":137,"column":4},"end":{"line":146,"column":5}}],"line":137},"14":{"loc":{"start":{"line":139,"column":11},"end":{"line":146,"column":5}},"type":"if","locations":[{"start":{"line":139,"column":11},"end":{"line":146,"column":5}},{"start":{"line":139,"column":11},"end":{"line":146,"column":5}}],"line":139}},"s":{"0":161,"1":161,"2":161,"3":48,"4":10,"5":2,"6":8,"7":8,"8":8,"9":27,"10":27,"11":8,"12":81,"13":22,"14":59,"15":59,"16":4,"17":4,"18":4,"19":14,"20":2,"21":2,"22":12,"23":4,"24":10,"25":0,"26":10,"27":10,"28":10,"29":55,"30":45,"31":55,"32":55,"33":10,"34":10,"35":48,"36":48,"37":36,"38":43,"39":36,"40":12,"41":2,"42":2,"43":2,"44":1,"45":1,"46":1,"47":1,"48":1,"49":1,"50":1,"51":0,"52":0,"53":3,"54":3,"55":4,"56":3,"57":1,"58":1,"59":2,"60":2,"61":3,"62":1,"63":0,"64":5,"65":5,"66":3,"67":2,"68":2,"69":2,"70":1,"71":2,"72":7,"73":7,"74":27,"75":6,"76":21,"77":5,"78":5,"79":16,"80":16,"81":16,"82":4},"f":{"0":161,"1":48,"2":10,"3":81,"4":4,"5":10,"6":48,"7":2,"8":3,"9":5,"10":7,"11":27},"b":{"0":[2,8],"1":[22,59],"2":[2,12],"3":[0,10],"4":[45,10],"5":[36,12],"6":[2,0],"7":[1,1],"8":[1,0],"9":[3,1],"10":[1,2],"11":[3,2],"12":[5,3,3],"13":[6,21],"14":[5,16]},"_coverageSchema":"43e27e138ebf9cfc5966b082cf9a028302ed4184","hash":"034ed863764f2da8f3a9f2394ec57cac3deac897"}
,"/mnt/c/Users/Joel/Projects/CodeFellows/data-structures-and-algorithms/data-structures/stacksAndQueues/stacks-and-queues.js": {"path":"/mnt/c/Users/Joel/Projects/CodeFellows/data-structures-and-algorithms/data-structures/stacksAndQueues/stacks-and-queues.js","statementMap":{"0":{"start":{"line":5,"column":4},"end":{"line":5,"column":19}},"1":{"start":{"line":6,"column":4},"end":{"line":6,"column":29}},"2":{"start":{"line":12,"column":4},"end":{"line":12,"column":20}},"3":{"start":{"line":16,"column":17},"end":{"line":16,"column":40}},"4":{"start":{"line":17,"column":4},"end":{"line":17,"column":20}},"5":{"start":{"line":21,"column":4},"end":{"line":25,"column":5}},"6":{"start":{"line":22,"column":19},"end":{"line":22,"column":27}},"7":{"start":{"line":23,"column":6},"end":{"line":23,"column":31}},"8":{"start":{"line":24,"column":6},"end":{"line":24,"column":22}},"9":{"start":{"line":26,"column":4},"end":{"line":26,"column":33}},"10":{"start":{"line":30,"column":4},"end":{"line":32,"column":5}},"11":{"start":{"line":31,"column":6},"end":{"line":31,"column":26}},"12":{"start":{"line":33,"column":4},"end":{"line":33,"column":33}},"13":{"start":{"line":37,"column":4},"end":{"line":37,"column":29}},"14":{"start":{"line":43,"column":4},"end":{"line":43,"column":22}},"15":{"start":{"line":44,"column":4},"end":{"line":44,"column":21}},"16":{"start":{"line":48,"column":17},"end":{"line":48,"column":30}},"17":{"start":{"line":49,"column":4},"end":{"line":55,"column":5}},"18":{"start":{"line":50,"column":6},"end":{"line":50,"column":24}},"19":{"start":{"line":51,"column":6},"end":{"line":51,"column":23}},"20":{"start":{"line":53,"column":6},"end":{"line":53,"column":28}},"21":{"start":{"line":54,"column":6},"end":{"line":54,"column":23}},"22":{"start":{"line":59,"column":4},"end":{"line":64,"column":5}},"23":{"start":{"line":60,"column":19},"end":{"line":60,"column":29}},"24":{"start":{"line":61,"column":6},"end":{"line":61,"column":35}},"25":{"start":{"line":62,"column":6},"end":{"line":62,"column":47}},"26":{"start":{"line":62,"column":30},"end":{"line":62,"column":47}},"27":{"start":{"line":63,"column":6},"end":{"line":63,"column":22}},"28":{"start":{"line":65,"column":4},"end":{"line":65,"column":33}},"29":{"start":{"line":69,"column":4},"end":{"line":71,"column":5}},"30":{"start":{"line":70,"column":6},"end":{"line":70,"column":28}},"31":{"start":{"line":72,"column":4},"end":{"line":72,"column":33}},"32":{"start":{"line":76,"column":4},"end":{"line":76,"column":31}},"33":{"start":{"line":80,"column":0},"end":{"line":84,"column":2}}},"fnMap":{"0":{"name":"(anonymous_0)","decl":{"start":{"line":4,"column":2},"end":{"line":4,"column":3}},"loc":{"start":{"line":4,"column":25},"end":{"line":7,"column":3}},"line":4},"1":{"name":"(anonymous_1)","decl":{"start":{"line":11,"column":2},"end":{"line":11,"column":3}},"loc":{"start":{"line":11,"column":16},"end":{"line":13,"column":3}},"line":11},"2":{"name":"(anonymous_2)","decl":{"start":{"line":15,"column":2},"end":{"line":15,"column":3}},"loc":{"start":{"line":15,"column":12},"end":{"line":18,"column":3}},"line":15},"3":{"name":"(anonymous_3)","decl":{"start":{"line":20,"column":2},"end":{"line":20,"column":3}},"loc":{"start":{"line":20,"column":8},"end":{"line":27,"column":3}},"line":20},"4":{"name":"(anonymous_4)","decl":{"start":{"line":29,"column":2},"end":{"line":29,"column":3}},"loc":{"start":{"line":29,"column":9},"end":{"line":34,"column":3}},"line":29},"5":{"name":"(anonymous_5)","decl":{"start":{"line":36,"column":2},"end":{"line":36,"column":3}},"loc":{"start":{"line":36,"column":12},"end":{"line":38,"column":3}},"line":36},"6":{"name":"(anonymous_6)","decl":{"start":{"line":42,"column":2},"end":{"line":42,"column":3}},"loc":{"start":{"line":42,"column":16},"end":{"line":45,"column":3}},"line":42},"7":{"name":"(anonymous_7)","decl":{"start":{"line":47,"column":2},"end":{"line":47,"column":3}},"loc":{"start":{"line":47,"column":15},"end":{"line":56,"column":3}},"line":47},"8":{"name":"(anonymous_8)","decl":{"start":{"line":58,"column":2},"end":{"line":58,"column":3}},"loc":{"start":{"line":58,"column":12},"end":{"line":66,"column":3}},"line":58},"9":{"name":"(anonymous_9)","decl":{"start":{"line":68,"column":2},"end":{"line":68,"column":3}},"loc":{"start":{"line":68,"column":9},"end":{"line":73,"column":3}},"line":68},"10":{"name":"(anonymous_10)","decl":{"start":{"line":75,"column":2},"end":{"line":75,"column":3}},"loc":{"start":{"line":75,"column":12},"end":{"line":77,"column":3}},"line":75}},"branchMap":{"0":{"loc":{"start":{"line":6,"column":16},"end":{"line":6,"column":28}},"type":"binary-expr","locations":[{"start":{"line":6,"column":16},"end":{"line":6,"column":20}},{"start":{"line":6,"column":24},"end":{"line":6,"column":28}}],"line":6},"1":{"loc":{"start":{"line":21,"column":4},"end":{"line":25,"column":5}},"type":"if","locations":[{"start":{"line":21,"column":4},"end":{"line":25,"column":5}},{"start":{"line":21,"column":4},"end":{"line":25,"column":5}}],"line":21},"2":{"loc":{"start":{"line":30,"column":4},"end":{"line":32,"column":5}},"type":"if","locations":[{"start":{"line":30,"column":4},"end":{"line":32,"column":5}},{"start":{"line":30,"column":4},"end":{"line":32,"column":5}}],"line":30},"3":{"loc":{"start":{"line":49,"column":4},"end":{"line":55,"column":5}},"type":"if","locations":[{"start":{"line":49,"column":4},"end":{"line":55,"column":5}},{"start":{"line":49,"column":4},"end":{"line":55,"column":5}}],"line":49},"4":{"loc":{"start":{"line":59,"column":4},"end":{"line":64,"column":5}},"type":"if","locations":[{"start":{"line":59,"column":4},"end":{"line":64,"column":5}},{"start":{"line":59,"column":4},"end":{"line":64,"column":5}}],"line":59},"5":{"loc":{"start":{"line":62,"column":6},"end":{"line":62,"column":47}},"type":"if","locations":[{"start":{"line":62,"column":6},"end":{"line":62,"column":47}},{"start":{"line":62,"column":6},"end":{"line":62,"column":47}}],"line":62},"6":{"loc":{"start":{"line":69,"column":4},"end":{"line":71,"column":5}},"type":"if","locations":[{"start":{"line":69,"column":4},"end":{"line":71,"column":5}},{"start":{"line":69,"column":4},"end":{"line":71,"column":5}}],"line":69}},"s":{"0":43,"1":43,"2":7,"3":13,"4":13,"5":7,"6":6,"7":6,"8":6,"9":1,"10":2,"11":1,"12":1,"13":1,"14":12,"15":12,"16":30,"17":30,"18":11,"19":11,"20":19,"21":19,"22":24,"23":23,"24":23,"25":23,"26":8,"27":23,"28":1,"29":2,"30":1,"31":1,"32":22,"33":3},"f":{"0":43,"1":7,"2":13,"3":7,"4":2,"5":1,"6":12,"7":30,"8":24,"9":2,"10":22},"b":{"0":[43,35],"1":[6,1],"2":[1,1],"3":[11,19],"4":[23,1],"5":[8,15],"6":[1,1]},"_coverageSchema":"43e27e138ebf9cfc5966b082cf9a028302ed4184","hash":"9d22358926cc22990a01f6a077b5d161ca9f730b"}
}
