TN:
SF:C:\Users\Joel\Projects\CodeFellows\data-structures-and-algorithms\coding-challenges\401\breadthFirst\breadth-first.js
FN:7,(anonymous_0)
FNF:1
FNH:1
FNDA:9,(anonymous_0)
DA:5,1
DA:7,1
DA:8,9
DA:9,8
DA:10,2
DA:12,6
DA:14,8
DA:15,3
DA:17,8
DA:18,3
DA:20,8
DA:21,6
DA:24,9
DA:27,1
LF:14
LH:14
BRDA:7,0,0,3
BRDA:7,1,0,3
BRDA:8,2,0,8
BRDA:8,2,1,1
BRDA:9,3,0,2
BRDA:9,3,1,6
BRDA:14,4,0,3
BRDA:14,4,1,5
BRDA:17,5,0,3
BRDA:17,5,1,5
BRDA:20,6,0,6
BRDA:20,6,1,2
BRF:12
BRH:12
end_of_record
TN:
SF:C:\Users\Joel\Projects\CodeFellows\data-structures-and-algorithms\data-structures\binaryTree\binaryTree.js
FN:4,(anonymous_0)
FN:11,(anonymous_1)
FN:23,(anonymous_2)
FN:27,(anonymous_3)
FN:31,(anonymous_4)
FN:44,(anonymous_5)
FN:60,(anonymous_6)
FN:73,(anonymous_7)
FN:92,(anonymous_8)
FN:105,(anonymous_9)
FN:135,(anonymous_10)
FN:139,(anonymous_11)
FN:147,(anonymous_12)
FN:163,(anonymous_13)
FN:168,(anonymous_14)
FNF:15
FNH:2
FNDA:8,(anonymous_0)
FNDA:19,(anonymous_1)
FNDA:0,(anonymous_2)
FNDA:0,(anonymous_3)
FNDA:0,(anonymous_4)
FNDA:0,(anonymous_5)
FNDA:0,(anonymous_6)
FNDA:0,(anonymous_7)
FNDA:0,(anonymous_8)
FNDA:0,(anonymous_9)
FNDA:0,(anonymous_10)
FNDA:0,(anonymous_11)
FNDA:0,(anonymous_12)
FNDA:0,(anonymous_13)
FNDA:0,(anonymous_14)
DA:5,8
DA:6,8
DA:7,8
DA:11,1
DA:12,19
DA:13,8
DA:15,8
DA:17,8
DA:19,19
DA:24,0
DA:28,0
DA:32,0
DA:33,0
DA:34,0
DA:35,0
DA:36,0
DA:38,0
DA:39,0
DA:41,0
DA:46,0
DA:47,0
DA:48,0
DA:49,0
DA:50,0
DA:51,0
DA:52,0
DA:53,0
DA:54,0
DA:55,0
DA:57,0
DA:61,0
DA:62,0
DA:63,0
DA:64,0
DA:66,0
DA:67,0
DA:68,0
DA:70,0
DA:75,0
DA:76,0
DA:77,0
DA:78,0
DA:79,0
DA:81,0
DA:82,0
DA:83,0
DA:85,0
DA:86,0
DA:87,0
DA:89,0
DA:93,0
DA:94,0
DA:95,0
DA:96,0
DA:98,0
DA:99,0
DA:101,0
DA:102,0
DA:107,0
DA:108,0
DA:109,0
DA:110,0
DA:111,0
DA:112,0
DA:114,0
DA:115,0
DA:116,0
DA:118,0
DA:120,0
DA:121,0
DA:122,0
DA:123,0
DA:125,0
DA:126,0
DA:130,0
DA:136,0
DA:140,0
DA:141,0
DA:143,0
DA:148,0
DA:149,0
DA:150,0
DA:152,0
DA:155,0
DA:156,0
DA:158,0
DA:164,0
DA:165,0
DA:169,0
DA:170,0
DA:171,0
DA:172,0
DA:173,0
DA:175,0
DA:178,0
DA:179,0
DA:181,0
DA:187,1
LF:98
LH:10
BRDA:6,0,0,8
BRDA:6,0,1,8
BRDA:7,1,0,8
BRDA:7,1,1,8
BRDA:11,2,0,3
BRDA:11,3,0,3
BRDA:12,4,0,8
BRDA:12,4,1,11
BRDA:31,5,0,0
BRDA:32,6,0,0
BRDA:32,6,1,0
BRDA:35,7,0,0
BRDA:35,7,1,0
BRDA:38,8,0,0
BRDA:38,8,1,0
BRDA:46,9,0,0
BRDA:46,9,1,0
BRDA:53,10,0,0
BRDA:53,10,1,0
BRDA:54,11,0,0
BRDA:54,11,1,0
BRDA:60,12,0,0
BRDA:61,13,0,0
BRDA:61,13,1,0
BRDA:63,14,0,0
BRDA:63,14,1,0
BRDA:67,15,0,0
BRDA:67,15,1,0
BRDA:75,16,0,0
BRDA:75,16,1,0
BRDA:79,17,0,0
BRDA:79,17,1,0
BRDA:92,18,0,0
BRDA:93,19,0,0
BRDA:93,19,1,0
BRDA:95,20,0,0
BRDA:95,20,1,0
BRDA:98,21,0,0
BRDA:98,21,1,0
BRDA:107,22,0,0
BRDA:107,22,1,0
BRDA:112,23,0,0
BRDA:112,23,1,0
BRDA:114,24,0,0
BRDA:114,24,1,0
BRDA:120,25,0,0
BRDA:120,25,1,0
BRDA:120,26,0,0
BRDA:120,26,1,0
BRDA:140,27,0,0
BRDA:140,27,1,0
BRDA:148,28,0,0
BRDA:148,28,1,0
BRDA:149,29,0,0
BRDA:149,29,1,0
BRDA:155,30,0,0
BRDA:155,30,1,0
BRDA:164,31,0,0
BRDA:164,31,1,0
BRDA:169,32,0,0
BRDA:169,32,1,0
BRDA:171,33,0,0
BRDA:171,33,1,0
BRDA:172,34,0,0
BRDA:172,34,1,0
BRDA:178,35,0,0
BRDA:178,35,1,0
BRF:67
BRH:8
end_of_record
TN:
SF:C:\Users\Joel\Projects\CodeFellows\data-structures-and-algorithms\data-structures\stacksAndQueues\stacks-and-queues.js
FN:4,(anonymous_0)
FN:11,(anonymous_1)
FN:15,(anonymous_2)
FN:20,(anonymous_3)
FN:29,(anonymous_4)
FN:36,(anonymous_5)
FN:42,(anonymous_6)
FN:47,(anonymous_7)
FN:58,(anonymous_8)
FN:68,(anonymous_9)
FN:75,(anonymous_10)
FNF:11
FNH:5
FNDA:6,(anonymous_0)
FNDA:0,(anonymous_1)
FNDA:0,(anonymous_2)
FNDA:0,(anonymous_3)
FNDA:0,(anonymous_4)
FNDA:0,(anonymous_5)
FNDA:3,(anonymous_6)
FNDA:6,(anonymous_7)
FNDA:6,(anonymous_8)
FNDA:0,(anonymous_9)
FNDA:8,(anonymous_10)
DA:5,6
DA:6,6
DA:12,0
DA:16,0
DA:17,0
DA:21,0
DA:22,0
DA:23,0
DA:24,0
DA:26,0
DA:30,0
DA:31,0
DA:33,0
DA:37,0
DA:43,3
DA:44,3
DA:48,6
DA:49,6
DA:50,1
DA:51,1
DA:53,5
DA:54,5
DA:59,6
DA:60,6
DA:61,6
DA:62,6
DA:63,6
DA:65,0
DA:69,0
DA:70,0
DA:72,0
DA:76,8
DA:80,1
LF:33
LH:17
BRDA:6,0,0,6
BRDA:6,0,1,6
BRDA:21,1,0,0
BRDA:21,1,1,0
BRDA:30,2,0,0
BRDA:30,2,1,0
BRDA:49,3,0,1
BRDA:49,3,1,5
BRDA:59,4,0,6
BRDA:59,4,1,0
BRDA:62,5,0,1
BRDA:62,5,1,5
BRDA:69,6,0,0
BRDA:69,6,1,0
BRF:14
BRH:7
end_of_record
